[0m[[0m[0mdebug[0m] [0m[0m> Exec({file:/home/noe/docs/cours/distributed_data_processing/scala/FirstProject/}root/assembly, None, None)[0m
[0m[[0m[0mdebug[0m] [0m[0mEvaluating tasks: assembly[0m
[0m[[0m[0mdebug[0m] [0m[0mRunning task... Cancel: Signal, check cycles: false, forcegc: true[0m
[0m[[0m[33mwarn[0m] [0m[0mmultiple main classes detected: run 'show discoveredMainClasses' to see the list[0m
[0m[[0m[33mwarn[0m] [0m[0mIn the last 10 seconds, 5.053 (51.6%) were spent in GC. [Heap: 0.04GB free of 1.50GB, max 1.50GB] Consider increasing the JVM heap using `-Xmx` or try a different collector, e.g. `-XX:+UseG1GC`, for better performance.[0m
[0m[[0m[33mwarn[0m] [0m[0mIn the last 10 seconds, 5.222 (53.4%) were spent in GC. [Heap: 0.05GB free of 1.50GB, max 1.50GB] Consider increasing the JVM heap using `-Xmx` or try a different collector, e.g. `-XX:+UseG1GC`, for better performance.[0m
[0m[[0m[33mwarn[0m] [0m[0mIn the last 10 seconds, 7.275 (73.1%) were spent in GC. [Heap: 0.02GB free of 1.50GB, max 1.50GB] Consider increasing the JVM heap using `-Xmx` or try a different collector, e.g. `-XX:+UseG1GC`, for better performance.[0m
[0m[[0m[0mdebug[0m] [0m[0mForcing garbage collection...[0m
[0m[[0m[31merror[0m] [0m[0mjava.lang.IllegalArgumentException: java.lang.IllegalArgumentException: java.lang.IllegalArgumentException: Self-suppression not permitted[0m
[0m[[0m[31merror[0m] [0m[0m	at java.base/jdk.internal.reflect.NativeConstructorAccessorImpl.newInstance0(Native Method)[0m
[0m[[0m[31merror[0m] [0m[0m	at java.base/jdk.internal.reflect.NativeConstructorAccessorImpl.newInstance(NativeConstructorAccessorImpl.java:62)[0m
[0m[[0m[31merror[0m] [0m[0m	at java.base/jdk.internal.reflect.DelegatingConstructorAccessorImpl.newInstance(DelegatingConstructorAccessorImpl.java:45)[0m
[0m[[0m[31merror[0m] [0m[0m	at java.base/java.lang.reflect.Constructor.newInstance(Constructor.java:490)[0m
[0m[[0m[31merror[0m] [0m[0m	at java.base/java.util.concurrent.ForkJoinTask.getThrowableException(ForkJoinTask.java:600)[0m
[0m[[0m[31merror[0m] [0m[0m	at java.base/java.util.concurrent.ForkJoinTask.reportException(ForkJoinTask.java:678)[0m
[0m[[0m[31merror[0m] [0m[0m	at java.base/java.util.concurrent.ForkJoinTask.join(ForkJoinTask.java:722)[0m
[0m[[0m[31merror[0m] [0m[0m	at scala.collection.parallel.ForkJoinTasks$WrappedTask.sync(Tasks.scala:379)[0m
[0m[[0m[31merror[0m] [0m[0m	at scala.collection.parallel.ForkJoinTasks$WrappedTask.sync$(Tasks.scala:379)[0m
[0m[[0m[31merror[0m] [0m[0m	at scala.collection.parallel.AdaptiveWorkStealingForkJoinTasks$WrappedTask.sync(Tasks.scala:440)[0m
[0m[[0m[31merror[0m] [0m[0m	at scala.collection.parallel.AdaptiveWorkStealingTasks$WrappedTask.internal(Tasks.scala:174)[0m
[0m[[0m[31merror[0m] [0m[0m	at scala.collection.parallel.AdaptiveWorkStealingTasks$WrappedTask.internal$(Tasks.scala:157)[0m
[0m[[0m[31merror[0m] [0m[0m	at scala.collection.parallel.AdaptiveWorkStealingForkJoinTasks$WrappedTask.internal(Tasks.scala:440)[0m
[0m[[0m[31merror[0m] [0m[0m	at scala.collection.parallel.AdaptiveWorkStealingTasks$WrappedTask.compute(Tasks.scala:150)[0m
[0m[[0m[31merror[0m] [0m[0m	at scala.collection.parallel.AdaptiveWorkStealingTasks$WrappedTask.compute$(Tasks.scala:149)[0m
[0m[[0m[31merror[0m] [0m[0m	at scala.collection.parallel.AdaptiveWorkStealingForkJoinTasks$WrappedTask.compute(Tasks.scala:440)[0m
[0m[[0m[31merror[0m] [0m[0m	at java.base/java.util.concurrent.RecursiveAction.exec(RecursiveAction.java:189)[0m
[0m[[0m[31merror[0m] [0m[0m	at java.base/java.util.concurrent.ForkJoinTask.doExec(ForkJoinTask.java:290)[0m
[0m[[0m[31merror[0m] [0m[0m	at java.base/java.util.concurrent.ForkJoinTask.doJoin(ForkJoinTask.java:396)[0m
[0m[[0m[31merror[0m] [0m[0m	at java.base/java.util.concurrent.ForkJoinTask.join(ForkJoinTask.java:721)[0m
[0m[[0m[31merror[0m] [0m[0m	at scala.collection.parallel.ForkJoinTasks$WrappedTask.sync(Tasks.scala:379)[0m
[0m[[0m[31merror[0m] [0m[0m	at scala.collection.parallel.ForkJoinTasks$WrappedTask.sync$(Tasks.scala:379)[0m
[0m[[0m[31merror[0m] [0m[0m	at scala.collection.parallel.AdaptiveWorkStealingForkJoinTasks$WrappedTask.sync(Tasks.scala:440)[0m
[0m[[0m[31merror[0m] [0m[0m	at scala.collection.parallel.ForkJoinTasks.executeAndWaitResult(Tasks.scala:423)[0m
[0m[[0m[31merror[0m] [0m[0m	at scala.collection.parallel.ForkJoinTasks.executeAndWaitResult$(Tasks.scala:416)[0m
[0m[[0m[31merror[0m] [0m[0m	at scala.collection.parallel.ForkJoinTaskSupport.executeAndWaitResult(TaskSupport.scala:60)[0m
[0m[[0m[31merror[0m] [0m[0m	at scala.collection.parallel.ExecutionContextTasks.executeAndWaitResult(Tasks.scala:555)[0m
[0m[[0m[31merror[0m] [0m[0m	at scala.collection.parallel.ExecutionContextTasks.executeAndWaitResult$(Tasks.scala:555)[0m
[0m[[0m[31merror[0m] [0m[0m	at scala.collection.parallel.ExecutionContextTaskSupport.executeAndWaitResult(TaskSupport.scala:84)[0m
[0m[[0m[31merror[0m] [0m[0m	at scala.collection.parallel.ParIterableLike$ResultMapping.leaf(ParIterableLike.scala:968)[0m
[0m[[0m[31merror[0m] [0m[0m	at scala.collection.parallel.Task.$anonfun$tryLeaf$1(Tasks.scala:53)[0m
[0m[[0m[31merror[0m] [0m[0m	at scala.runtime.java8.JFunction0$mcV$sp.apply(JFunction0$mcV$sp.java:23)[0m
[0m[[0m[31merror[0m] [0m[0m	at scala.util.control.Breaks$$anon$1.catchBreak(Breaks.scala:67)[0m
[0m[[0m[31merror[0m] [0m[0m	at scala.collection.parallel.Task.tryLeaf(Tasks.scala:56)[0m
[0m[[0m[31merror[0m] [0m[0m	at scala.collection.parallel.Task.tryLeaf$(Tasks.scala:50)[0m
[0m[[0m[31merror[0m] [0m[0m	at scala.collection.parallel.ParIterableLike$ResultMapping.tryLeaf(ParIterableLike.scala:963)[0m
[0m[[0m[31merror[0m] [0m[0m	at scala.collection.parallel.AdaptiveWorkStealingTasks$WrappedTask.compute(Tasks.scala:153)[0m
[0m[[0m[31merror[0m] [0m[0m	at scala.collection.parallel.AdaptiveWorkStealingTasks$WrappedTask.compute$(Tasks.scala:149)[0m
[0m[[0m[31merror[0m] [0m[0m	at scala.collection.parallel.AdaptiveWorkStealingForkJoinTasks$WrappedTask.compute(Tasks.scala:440)[0m
[0m[[0m[31merror[0m] [0m[0m	at java.base/java.util.concurrent.RecursiveAction.exec(RecursiveAction.java:189)[0m
[0m[[0m[31merror[0m] [0m[0m	at java.base/java.util.concurrent.ForkJoinTask.doExec(ForkJoinTask.java:290)[0m
[0m[[0m[31merror[0m] [0m[0m	at java.base/java.util.concurrent.ForkJoinPool$WorkQueue.topLevelExec(ForkJoinPool.java:1020)[0m
[0m[[0m[31merror[0m] [0m[0m	at java.base/java.util.concurrent.ForkJoinPool.scan(ForkJoinPool.java:1656)[0m
[0m[[0m[31merror[0m] [0m[0m	at java.base/java.util.concurrent.ForkJoinPool.runWorker(ForkJoinPool.java:1594)[0m
[0m[[0m[31merror[0m] [0m[0m	at java.base/java.util.concurrent.ForkJoinWorkerThread.run(ForkJoinWorkerThread.java:183)[0m
[0m[[0m[31merror[0m] [0m[0mCaused by: java.lang.IllegalArgumentException: java.lang.IllegalArgumentException: Self-suppression not permitted[0m
[0m[[0m[31merror[0m] [0m[0m	at java.base/jdk.internal.reflect.NativeConstructorAccessorImpl.newInstance0(Native Method)[0m
[0m[[0m[31merror[0m] [0m[0m	at java.base/jdk.internal.reflect.NativeConstructorAccessorImpl.newInstance(NativeConstructorAccessorImpl.java:62)[0m
[0m[[0m[31merror[0m] [0m[0m	at java.base/jdk.internal.reflect.DelegatingConstructorAccessorImpl.newInstance(DelegatingConstructorAccessorImpl.java:45)[0m
[0m[[0m[31merror[0m] [0m[0m	at java.base/java.lang.reflect.Constructor.newInstance(Constructor.java:490)[0m
[0m[[0m[31merror[0m] [0m[0m	at java.base/java.util.concurrent.ForkJoinTask.getThrowableException(ForkJoinTask.java:600)[0m
[0m[[0m[31merror[0m] [0m[0m	at java.base/java.util.concurrent.ForkJoinTask.reportException(ForkJoinTask.java:678)[0m
[0m[[0m[31merror[0m] [0m[0m	at java.base/java.util.concurrent.ForkJoinTask.join(ForkJoinTask.java:722)[0m
[0m[[0m[31merror[0m] [0m[0m	at scala.collection.parallel.ForkJoinTasks$WrappedTask.sync(Tasks.scala:379)[0m
[0m[[0m[31merror[0m] [0m[0m	at scala.collection.parallel.ForkJoinTasks$WrappedTask.sync$(Tasks.scala:379)[0m
[0m[[0m[31merror[0m] [0m[0m	at scala.collection.parallel.AdaptiveWorkStealingForkJoinTasks$WrappedTask.sync(Tasks.scala:440)[0m
[0m[[0m[31merror[0m] [0m[0m	at scala.collection.parallel.AdaptiveWorkStealingTasks$WrappedTask.internal(Tasks.scala:174)[0m
[0m[[0m[31merror[0m] [0m[0m	at scala.collection.parallel.AdaptiveWorkStealingTasks$WrappedTask.internal$(Tasks.scala:157)[0m
[0m[[0m[31merror[0m] [0m[0m	at scala.collection.parallel.AdaptiveWorkStealingForkJoinTasks$WrappedTask.internal(Tasks.scala:440)[0m
[0m[[0m[31merror[0m] [0m[0m	at scala.collection.parallel.AdaptiveWorkStealingTasks$WrappedTask.compute(Tasks.scala:150)[0m
[0m[[0m[31merror[0m] [0m[0m	at scala.collection.parallel.AdaptiveWorkStealingTasks$WrappedTask.compute$(Tasks.scala:149)[0m
[0m[[0m[31merror[0m] [0m[0m	at scala.collection.parallel.AdaptiveWorkStealingForkJoinTasks$WrappedTask.compute(Tasks.scala:440)[0m
[0m[[0m[31merror[0m] [0m[0m	at java.base/java.util.concurrent.RecursiveAction.exec(RecursiveAction.java:189)[0m
[0m[[0m[31merror[0m] [0m[0m	at java.base/java.util.concurrent.ForkJoinTask.doExec(ForkJoinTask.java:290)[0m
[0m[[0m[31merror[0m] [0m[0m	at java.base/java.util.concurrent.ForkJoinPool$WorkQueue.topLevelExec(ForkJoinPool.java:1020)[0m
[0m[[0m[31merror[0m] [0m[0m	at java.base/java.util.concurrent.ForkJoinPool.scan(ForkJoinPool.java:1656)[0m
[0m[[0m[31merror[0m] [0m[0m	at java.base/java.util.concurrent.ForkJoinPool.runWorker(ForkJoinPool.java:1594)[0m
[0m[[0m[31merror[0m] [0m[0m	at java.base/java.util.concurrent.ForkJoinWorkerThread.run(ForkJoinWorkerThread.java:183)[0m
[0m[[0m[31merror[0m] [0m[0mCaused by: java.lang.IllegalArgumentException: Self-suppression not permitted[0m
[0m[[0m[31merror[0m] [0m[0m	at java.base/java.lang.Throwable.addSuppressed(Throwable.java:1054)[0m
[0m[[0m[31merror[0m] [0m[0m	at scala.collection.parallel.Task.mergeThrowables(Tasks.scala:74)[0m
[0m[[0m[31merror[0m] [0m[0m	at scala.collection.parallel.Task.mergeThrowables$(Tasks.scala:72)[0m
[0m[[0m[31merror[0m] [0m[0m	at scala.collection.parallel.ParIterableLike$Map.mergeThrowables(ParIterableLike.scala:1061)[0m
[0m[[0m[31merror[0m] [0m[0m	at scala.collection.parallel.Task.tryMerge(Tasks.scala:69)[0m
[0m[[0m[31merror[0m] [0m[0m	at scala.collection.parallel.Task.tryMerge$(Tasks.scala:66)[0m
[0m[[0m[31merror[0m] [0m[0m	at scala.collection.parallel.ParIterableLike$Map.tryMerge(ParIterableLike.scala:1061)[0m
[0m[[0m[31merror[0m] [0m[0m	at scala.collection.parallel.AdaptiveWorkStealingTasks$WrappedTask.internal(Tasks.scala:177)[0m
[0m[[0m[31merror[0m] [0m[0m	at scala.collection.parallel.AdaptiveWorkStealingTasks$WrappedTask.internal$(Tasks.scala:157)[0m
[0m[[0m[31merror[0m] [0m[0m	at scala.collection.parallel.AdaptiveWorkStealingForkJoinTasks$WrappedTask.internal(Tasks.scala:440)[0m
[0m[[0m[31merror[0m] [0m[0m	at scala.collection.parallel.AdaptiveWorkStealingTasks$WrappedTask.compute(Tasks.scala:150)[0m
[0m[[0m[31merror[0m] [0m[0m	at scala.collection.parallel.AdaptiveWorkStealingTasks$WrappedTask.compute$(Tasks.scala:149)[0m
[0m[[0m[31merror[0m] [0m[0m	at scala.collection.parallel.AdaptiveWorkStealingForkJoinTasks$WrappedTask.compute(Tasks.scala:440)[0m
[0m[[0m[31merror[0m] [0m[0m	at java.base/java.util.concurrent.RecursiveAction.exec(RecursiveAction.java:189)[0m
[0m[[0m[31merror[0m] [0m[0m	at java.base/java.util.concurrent.ForkJoinTask.doExec(ForkJoinTask.java:290)[0m
[0m[[0m[31merror[0m] [0m[0m	at java.base/java.util.concurrent.ForkJoinPool.awaitJoin(ForkJoinPool.java:1708)[0m
[0m[[0m[31merror[0m] [0m[0m	at java.base/java.util.concurrent.ForkJoinTask.doJoin(ForkJoinTask.java:397)[0m
[0m[[0m[31merror[0m] [0m[0m	at java.base/java.util.concurrent.ForkJoinTask.join(ForkJoinTask.java:721)[0m
[0m[[0m[31merror[0m] [0m[0m	at scala.collection.parallel.ForkJoinTasks$WrappedTask.sync(Tasks.scala:379)[0m
[0m[[0m[31merror[0m] [0m[0m	at scala.collection.parallel.ForkJoinTasks$WrappedTask.sync$(Tasks.scala:379)[0m
[0m[[0m[31merror[0m] [0m[0m	at scala.collection.parallel.AdaptiveWorkStealingForkJoinTasks$WrappedTask.sync(Tasks.scala:440)[0m
[0m[[0m[31merror[0m] [0m[0m	at scala.collection.parallel.AdaptiveWorkStealingTasks$WrappedTask.internal(Tasks.scala:174)[0m
[0m[[0m[31merror[0m] [0m[0m	at scala.collection.parallel.AdaptiveWorkStealingTasks$WrappedTask.internal$(Tasks.scala:157)[0m
[0m[[0m[31merror[0m] [0m[0m	at scala.collection.parallel.AdaptiveWorkStealingForkJoinTasks$WrappedTask.internal(Tasks.scala:440)[0m
[0m[[0m[31merror[0m] [0m[0m	at scala.collection.parallel.AdaptiveWorkStealingTasks$WrappedTask.compute(Tasks.scala:150)[0m
[0m[[0m[31merror[0m] [0m[0m	at scala.collection.parallel.AdaptiveWorkStealingTasks$WrappedTask.compute$(Tasks.scala:149)[0m
[0m[[0m[31merror[0m] [0m[0m	at scala.collection.parallel.AdaptiveWorkStealingForkJoinTasks$WrappedTask.compute(Tasks.scala:440)[0m
[0m[[0m[31merror[0m] [0m[0m	at java.base/java.util.concurrent.RecursiveAction.exec(RecursiveAction.java:189)[0m
[0m[[0m[31merror[0m] [0m[0m	at java.base/java.util.concurrent.ForkJoinTask.doExec(ForkJoinTask.java:290)[0m
[0m[[0m[31merror[0m] [0m[0m	at java.base/java.util.concurrent.ForkJoinTask.doJoin(ForkJoinTask.java:396)[0m
[0m[[0m[31merror[0m] [0m[0m	at java.base/java.util.concurrent.ForkJoinTask.join(ForkJoinTask.java:721)[0m
[0m[[0m[31merror[0m] [0m[0m	at scala.collection.parallel.ForkJoinTasks$WrappedTask.sync(Tasks.scala:379)[0m
[0m[[0m[31merror[0m] [0m[0m	at scala.collection.parallel.ForkJoinTasks$WrappedTask.sync$(Tasks.scala:379)[0m
[0m[[0m[31merror[0m] [0m[0m	at scala.collection.parallel.AdaptiveWorkStealingForkJoinTasks$WrappedTask.sync(Tasks.scala:440)[0m
[0m[[0m[31merror[0m] [0m[0m	at scala.collection.parallel.ForkJoinTasks.executeAndWaitResult(Tasks.scala:423)[0m
[0m[[0m[31merror[0m] [0m[0m	at scala.collection.parallel.ForkJoinTasks.executeAndWaitResult$(Tasks.scala:416)[0m
[0m[[0m[31merror[0m] [0m[0m	at scala.collection.parallel.ForkJoinTaskSupport.executeAndWaitResult(TaskSupport.scala:60)[0m
[0m[[0m[31merror[0m] [0m[0m	at scala.collection.parallel.ExecutionContextTasks.executeAndWaitResult(Tasks.scala:555)[0m
[0m[[0m[31merror[0m] [0m[0m	at scala.collection.parallel.ExecutionContextTasks.executeAndWaitResult$(Tasks.scala:555)[0m
[0m[[0m[31merror[0m] [0m[0m	at scala.collection.parallel.ExecutionContextTaskSupport.executeAndWaitResult(TaskSupport.scala:84)[0m
[0m[[0m[31merror[0m] [0m[0m	at scala.collection.parallel.ParIterableLike$ResultMapping.leaf(ParIterableLike.scala:968)[0m
[0m[[0m[31merror[0m] [0m[0m	at scala.collection.parallel.Task.$anonfun$tryLeaf$1(Tasks.scala:53)[0m
[0m[[0m[31merror[0m] [0m[0m	at scala.runtime.java8.JFunction0$mcV$sp.apply(JFunction0$mcV$sp.java:23)[0m
[0m[[0m[31merror[0m] [0m[0m	at scala.util.control.Breaks$$anon$1.catchBreak(Breaks.scala:67)[0m
[0m[[0m[31merror[0m] [0m[0m	at scala.collection.parallel.Task.tryLeaf(Tasks.scala:56)[0m
[0m[[0m[31merror[0m] [0m[0m	at scala.collection.parallel.Task.tryLeaf$(Tasks.scala:50)[0m
[0m[[0m[31merror[0m] [0m[0m	at scala.collection.parallel.ParIterableLike$ResultMapping.tryLeaf(ParIterableLike.scala:963)[0m
[0m[[0m[31merror[0m] [0m[0m	at scala.collection.parallel.AdaptiveWorkStealingTasks$WrappedTask.compute(Tasks.scala:153)[0m
[0m[[0m[31merror[0m] [0m[0m	at scala.collection.parallel.AdaptiveWorkStealingTasks$WrappedTask.compute$(Tasks.scala:149)[0m
[0m[[0m[31merror[0m] [0m[0m	at scala.collection.parallel.AdaptiveWorkStealingForkJoinTasks$WrappedTask.compute(Tasks.scala:440)[0m
[0m[[0m[31merror[0m] [0m[0m	at java.base/java.util.concurrent.RecursiveAction.exec(RecursiveAction.java:189)[0m
[0m[[0m[31merror[0m] [0m[0m	at java.base/java.util.concurrent.ForkJoinTask.doExec(ForkJoinTask.java:290)[0m
[0m[[0m[31merror[0m] [0m[0m	at java.base/java.util.concurrent.ForkJoinPool$WorkQueue.topLevelExec(ForkJoinPool.java:1020)[0m
[0m[[0m[31merror[0m] [0m[0m	at java.base/java.util.concurrent.ForkJoinPool.scan(ForkJoinPool.java:1656)[0m
[0m[[0m[31merror[0m] [0m[0m	at java.base/java.util.concurrent.ForkJoinPool.runWorker(ForkJoinPool.java:1594)[0m
[0m[[0m[31merror[0m] [0m[0m	at java.base/java.util.concurrent.ForkJoinWorkerThread.run(ForkJoinWorkerThread.java:183)[0m
[0m[[0m[31merror[0m] [0m[0mCaused by: java.lang.OutOfMemoryError: Java heap space[0m
[0m[[0m[31merror[0m] [0m[0m([31massembly[0m) java.lang.IllegalArgumentException: java.lang.IllegalArgumentException: java.lang.IllegalArgumentException: Self-suppression not permitted[0m
[0m[[0m[31merror[0m] [0m[0mTotal time: 89 s (01:29), completed Mar 27, 2025, 4:46:42 PM[0m
[0m[[0m[0mdebug[0m] [0m[0m> Exec(idea-shell, None, None)[0m
[0m[[0m[33mwarn[0m] [0m[0mbuild source files have changed[0m
[0m[[0m[33mwarn[0m] [0m[0mmodified files: [0m
[0m[[0m[33mwarn[0m] [0m[0m  /home/noe/docs/cours/distributed_data_processing/scala/FirstProject/build.sbt[0m
[0m[[0m[33mwarn[0m] [0m[0mApply these changes by running `reload`.[0m
[0m[[0m[33mwarn[0m] [0m[0mAutomatically reload the build when source changes are detected by setting `Global / onChangedBuildSource := ReloadOnSourceChanges`.[0m
[0m[[0m[33mwarn[0m] [0m[0mDisable this warning by setting `Global / onChangedBuildSource := IgnoreSourceChanges`.[0m
[0m[[0m[0mdebug[0m] [0m[0m> Exec(, None, None)[0m
[0m[[0m[0mdebug[0m] [0m[0m> Exec(idea-shell, None, None)[0m
[0m[[0m[0mdebug[0m] [0m[0m> Exec(, None, None)[0m
[0m[[0m[0mdebug[0m] [0m[0m> Exec(idea-shell, None, None)[0m
[0m[[0m[0mdebug[0m] [0m[0m> Exec(, None, None)[0m
[0m[[0m[0mdebug[0m] [0m[0m> Exec(idea-shell, None, None)[0m
