2025.03.26 15:00:22 INFO  Started: Metals version 1.5.1 in folders '/home/noe/docs/cours/distributed_data_processing/activity1/FirstProject' for client Visual Studio Code 1.92.2.[0m
Mar 26, 2025 3:00:28 PM org.eclipse.lsp4j.jsonrpc.services.GenericEndpoint notify
WARNING: Unsupported notification method: metals/windowStateDidChange
2025.03.26 15:00:32 INFO  no build target found for /home/noe/docs/cours/distributed_data_processing/activity1/FirstProject/src/main/scala/com/example/firstproject/UserTest.scala. Using presentation compiler with project's scala-library version: 3.3.4[0m
2025.03.26 15:00:33 INFO  no build target found for /home/noe/docs/cours/distributed_data_processing/activity1/FirstProject/src/main/scala/com/example/firstproject/UserTest.scala. Using presentation compiler with project's scala-library version: 3.3.4[0m
2025.03.26 15:00:33 INFO  no build target found for /home/noe/docs/cours/distributed_data_processing/activity1/FirstProject/src/main/scala/com/example/firstproject/UserTest.scala. Using presentation compiler with project's scala-library version: 3.3.4[0m
2025.03.26 15:00:46 INFO  no build target found for /home/noe/docs/cours/distributed_data_processing/activity1/FirstProject/src/main/scala/com/example/firstproject/StackOverflow.scala. Using presentation compiler with project's scala-library version: 3.3.4[0m
2025.03.26 15:00:46 WARN  no build target for: /home/noe/docs/cours/distributed_data_processing/activity1/FirstProject/src/main/scala/com/example/firstproject/StackOverflow.scala[0m
2025.03.26 15:00:46 INFO  no build target found for /home/noe/docs/cours/distributed_data_processing/activity1/FirstProject/src/main/scala/com/example/firstproject/StackOverflow.scala. Using presentation compiler with project's scala-library version: 3.3.4[0m
2025.03.26 15:00:46 INFO  no build target found for /home/noe/docs/cours/distributed_data_processing/activity1/FirstProject/src/main/scala/com/example/firstproject/UserTest.scala. Using presentation compiler with project's scala-library version: 3.3.4[0m
2025.03.26 15:00:46 INFO  no build target found for /home/noe/docs/cours/distributed_data_processing/activity1/FirstProject/src/main/scala/com/example/firstproject/UserTest.scala. Using presentation compiler with project's scala-library version: 3.3.4[0m
2025.03.26 15:00:46 INFO  no build target found for /home/noe/docs/cours/distributed_data_processing/activity1/FirstProject/src/main/scala/com/example/firstproject/StackOverflow.scala. Using presentation compiler with project's scala-library version: 3.3.4[0m
2025.03.26 15:00:46 INFO  no build target found for /home/noe/docs/cours/distributed_data_processing/activity1/FirstProject/src/main/scala/com/example/firstproject/StackOverflow.scala. Using presentation compiler with project's scala-library version: 3.3.4[0m
2025.03.26 15:00:46 INFO  no build target found for /home/noe/docs/cours/distributed_data_processing/activity1/FirstProject/src/main/scala/com/example/firstproject/StackOverflow.scala. Using presentation compiler with project's scala-library version: 3.3.4[0m
Mar 26, 2025 3:00:47 PM org.eclipse.lsp4j.jsonrpc.services.GenericEndpoint notify
WARNING: Unsupported notification method: metals/windowStateDidChange
Mar 26, 2025 3:00:49 PM org.eclipse.lsp4j.jsonrpc.services.GenericEndpoint notify
WARNING: Unsupported notification method: metals/windowStateDidChange
2025.03.26 15:00:51 INFO  no build target found for /home/noe/docs/cours/distributed_data_processing/activity1/FirstProject/src/main/scala/com/example/firstproject/StackOverflow.scala. Using presentation compiler with project's scala-library version: 3.3.4[0m
2025.03.26 15:00:51 INFO  no build target found for /home/noe/docs/cours/distributed_data_processing/activity1/FirstProject/src/main/scala/com/example/firstproject/StackOverflow.scala. Using presentation compiler with project's scala-library version: 3.3.4[0m
2025.03.26 15:00:51 INFO  no build target found for /home/noe/docs/cours/distributed_data_processing/activity1/FirstProject/src/main/scala/com/example/firstproject/StackOverflow.scala. Using presentation compiler with project's scala-library version: 3.3.4[0m
2025.03.26 15:00:53 INFO  no build target found for /home/noe/docs/cours/distributed_data_processing/activity1/FirstProject/src/main/scala/com/example/firstproject/StackOverflow.scala. Using presentation compiler with project's scala-library version: 3.3.4[0m
2025.03.26 15:00:53 INFO  no build target found for /home/noe/docs/cours/distributed_data_processing/activity1/FirstProject/src/main/scala/com/example/firstproject/StackOverflow.scala. Using presentation compiler with project's scala-library version: 3.3.4[0m
2025.03.26 15:00:54 INFO  no build target found for /home/noe/docs/cours/distributed_data_processing/activity1/FirstProject/src/main/scala/com/example/firstproject/StackOverflow.scala. Using presentation compiler with project's scala-library version: 3.3.4[0m
2025.03.26 15:00:55 INFO  no build target found for /home/noe/docs/cours/distributed_data_processing/activity1/FirstProject/src/main/scala/com/example/firstproject/StackOverflow.scala. Using presentation compiler with project's scala-library version: 3.3.4[0m
2025.03.26 15:00:54 INFO  no build target found for /home/noe/docs/cours/distributed_data_processing/activity1/FirstProject/src/main/scala/com/example/firstproject/StackOverflow.scala. Using presentation compiler with project's scala-library version: 3.3.4[0m
2025.03.26 15:01:00 INFO  no build target found for /home/noe/docs/cours/distributed_data_processing/activity1/FirstProject/src/main/scala/com/example/firstproject/StackOverflow.scala. Using presentation compiler with project's scala-library version: 3.3.4[0m
2025.03.26 15:01:00 WARN  no build target for: /home/noe/docs/cours/distributed_data_processing/activity1/FirstProject/src/main/scala/com/example/firstproject/StackOverflow.scala[0m
2025.03.26 15:01:00 INFO  no build target found for /home/noe/docs/cours/distributed_data_processing/activity1/FirstProject/src/main/scala/com/example/firstproject/StackOverflow.scala. Using presentation compiler with project's scala-library version: 3.3.4[0m
2025.03.26 15:01:00 INFO  no build target found for /home/noe/docs/cours/distributed_data_processing/activity1/FirstProject/src/main/scala/com/example/firstproject/StackOverflow.scala. Using presentation compiler with project's scala-library version: 3.3.4[0m
2025.03.26 15:01:03 INFO  no build target found for /home/noe/docs/cours/distributed_data_processing/activity1/FirstProject/src/main/scala/com/example/firstproject/StackOverflow.scala. Using presentation compiler with project's scala-library version: 3.3.4[0m
2025.03.26 15:01:03 INFO  no build target found for /home/noe/docs/cours/distributed_data_processing/activity1/FirstProject/src/main/scala/com/example/firstproject/StackOverflow.scala. Using presentation compiler with project's scala-library version: 3.3.4[0m
2025.03.26 15:01:05 INFO  no build target found for /home/noe/docs/cours/distributed_data_processing/activity1/FirstProject/src/main/scala/com/example/firstproject/UserTest.scala. Using presentation compiler with project's scala-library version: 3.3.4[0m
2025.03.26 15:01:06 INFO  no build target found for /home/noe/docs/cours/distributed_data_processing/activity1/FirstProject/src/main/scala/com/example/firstproject/UserTest.scala. Using presentation compiler with project's scala-library version: 3.3.4[0m
2025.03.26 15:01:05 INFO  no build target found for /home/noe/docs/cours/distributed_data_processing/activity1/FirstProject/src/main/scala/com/example/firstproject/UserTest.scala. Using presentation compiler with project's scala-library version: 3.3.4[0m
2025.03.26 15:01:07 INFO  no build target found for /home/noe/docs/cours/distributed_data_processing/activity1/FirstProject/src/main/scala/com/example/firstproject/UserTest.scala. Using presentation compiler with project's scala-library version: 3.3.4[0m
2025.03.26 15:01:09 INFO  no build target found for /home/noe/docs/cours/distributed_data_processing/activity1/FirstProject/src/main/scala/com/example/firstproject/StackOverflow.scala. Using presentation compiler with project's scala-library version: 3.3.4[0m
2025.03.26 15:01:09 INFO  no build target found for /home/noe/docs/cours/distributed_data_processing/activity1/FirstProject/src/main/scala/com/example/firstproject/StackOverflow.scala. Using presentation compiler with project's scala-library version: 3.3.4[0m
2025.03.26 15:01:09 INFO  no build target found for /home/noe/docs/cours/distributed_data_processing/activity1/FirstProject/src/main/scala/com/example/firstproject/StackOverflow.scala. Using presentation compiler with project's scala-library version: 3.3.4[0m
Mar 26, 2025 3:01:20 PM org.eclipse.lsp4j.jsonrpc.services.GenericEndpoint notify
WARNING: Unsupported notification method: metals/windowStateDidChange
Mar 26, 2025 3:01:57 PM org.eclipse.lsp4j.jsonrpc.services.GenericEndpoint notify
WARNING: Unsupported notification method: metals/windowStateDidChange
2025.03.26 15:03:26 WARN  no build target for: /home/noe/docs/cours/distributed_data_processing/activity1/FirstProject/build.sbt[0m
2025.03.26 15:03:26 INFO  no build target found for /home/noe/docs/cours/distributed_data_processing/activity1/FirstProject/build.sbt. Using presentation compiler with project's scala-library version: 3.3.4[0m
2025.03.26 15:03:26 INFO  no build target found for /home/noe/docs/cours/distributed_data_processing/activity1/FirstProject/src/main/scala/com/example/firstproject/StackOverflow.scala. Using presentation compiler with project's scala-library version: 3.3.4[0m
2025.03.26 15:03:36 INFO  no build target found for /home/noe/docs/cours/distributed_data_processing/activity1/FirstProject/src/main/scala/com/example/firstproject/StackOverflow.scala. Using presentation compiler with project's scala-library version: 3.3.4[0m
2025.03.26 15:05:56 INFO  no build target found for /home/noe/docs/cours/distributed_data_processing/activity1/FirstProject/src/main/scala/com/example/firstproject/StackOverflow.scala. Using presentation compiler with project's scala-library version: 3.3.4[0m
Mar 26, 2025 3:05:56 PM org.eclipse.lsp4j.jsonrpc.services.GenericEndpoint notify
WARNING: Unsupported notification method: metals/windowStateDidChange
2025.03.26 15:05:56 INFO  no build target found for /home/noe/docs/cours/distributed_data_processing/activity1/FirstProject/src/main/scala/com/example/firstproject/StackOverflow.scala. Using presentation compiler with project's scala-library version: 3.3.4[0m
2025.03.26 15:05:56 INFO  no build target found for /home/noe/docs/cours/distributed_data_processing/activity1/FirstProject/src/main/scala/com/example/firstproject/StackOverflow.scala. Using presentation compiler with project's scala-library version: 3.3.4[0m
Mar 26, 2025 3:06:06 PM org.eclipse.lsp4j.jsonrpc.services.GenericEndpoint notify
WARNING: Unsupported notification method: metals/windowStateDidChange
2025.03.26 15:07:14 INFO  no build target found for /home/noe/docs/cours/distributed_data_processing/activity1/FirstProject/src/main/scala/com/example/firstproject/StackOverflow.scala. Using presentation compiler with project's scala-library version: 3.3.4[0m
Mar 26, 2025 3:07:14 PM org.eclipse.lsp4j.jsonrpc.services.GenericEndpoint notify
WARNING: Unsupported notification method: metals/windowStateDidChange
2025.03.26 15:07:14 INFO  no build target found for /home/noe/docs/cours/distributed_data_processing/activity1/FirstProject/src/main/scala/com/example/firstproject/StackOverflow.scala. Using presentation compiler with project's scala-library version: 3.3.4[0m
Mar 26, 2025 3:07:24 PM org.eclipse.lsp4j.jsonrpc.services.GenericEndpoint notify
WARNING: Unsupported notification method: metals/windowStateDidChange
2025.03.26 15:08:03 INFO  no build target found for /home/noe/docs/cours/distributed_data_processing/activity1/FirstProject/src/main/scala/com/example/firstproject/StackOverflow.scala. Using presentation compiler with project's scala-library version: 3.3.4[0m
Mar 26, 2025 3:08:03 PM org.eclipse.lsp4j.jsonrpc.services.GenericEndpoint notify
WARNING: Unsupported notification method: metals/windowStateDidChange
2025.03.26 15:08:03 INFO  no build target found for /home/noe/docs/cours/distributed_data_processing/activity1/FirstProject/src/main/scala/com/example/firstproject/StackOverflow.scala. Using presentation compiler with project's scala-library version: 3.3.4[0m
Mar 26, 2025 3:08:13 PM org.eclipse.lsp4j.jsonrpc.services.GenericEndpoint notify
WARNING: Unsupported notification method: metals/windowStateDidChange
2025.03.26 15:09:38 INFO  no build target found for /home/noe/docs/cours/distributed_data_processing/activity1/FirstProject/src/main/scala/com/example/firstproject/StackOverflow.scala. Using presentation compiler with project's scala-library version: 3.3.4[0m
Mar 26, 2025 3:09:38 PM org.eclipse.lsp4j.jsonrpc.services.GenericEndpoint notify
WARNING: Unsupported notification method: metals/windowStateDidChange
2025.03.26 15:09:39 INFO  no build target found for /home/noe/docs/cours/distributed_data_processing/activity1/FirstProject/src/main/scala/com/example/firstproject/StackOverflow.scala. Using presentation compiler with project's scala-library version: 3.3.4[0m
Mar 26, 2025 3:09:48 PM org.eclipse.lsp4j.jsonrpc.services.GenericEndpoint notify
WARNING: Unsupported notification method: metals/windowStateDidChange
2025.03.26 15:10:07 INFO  no build target found for /home/noe/docs/cours/distributed_data_processing/activity1/FirstProject/src/main/scala/com/example/firstproject/StackOverflow.scala. Using presentation compiler with project's scala-library version: 3.3.4[0m
Mar 26, 2025 3:10:07 PM org.eclipse.lsp4j.jsonrpc.services.GenericEndpoint notify
WARNING: Unsupported notification method: metals/windowStateDidChange
2025.03.26 15:10:07 INFO  no build target found for /home/noe/docs/cours/distributed_data_processing/activity1/FirstProject/src/main/scala/com/example/firstproject/StackOverflow.scala. Using presentation compiler with project's scala-library version: 3.3.4[0m
2025.03.26 15:10:08 INFO  no build target found for /home/noe/docs/cours/distributed_data_processing/activity1/FirstProject/src/main/scala/com/example/firstproject/StackOverflow.scala. Using presentation compiler with project's scala-library version: 3.3.4[0m
Mar 26, 2025 3:10:17 PM org.eclipse.lsp4j.jsonrpc.services.GenericEndpoint notify
WARNING: Unsupported notification method: metals/windowStateDidChange
2025.03.26 15:10:33 INFO  no build target found for /home/noe/docs/cours/distributed_data_processing/activity1/FirstProject/src/main/scala/com/example/firstproject/StackOverflow.scala. Using presentation compiler with project's scala-library version: 3.3.4[0m
Mar 26, 2025 3:10:33 PM org.eclipse.lsp4j.jsonrpc.services.GenericEndpoint notify
WARNING: Unsupported notification method: metals/windowStateDidChange
2025.03.26 15:10:33 INFO  no build target found for /home/noe/docs/cours/distributed_data_processing/activity1/FirstProject/src/main/scala/com/example/firstproject/StackOverflow.scala. Using presentation compiler with project's scala-library version: 3.3.4[0m
Mar 26, 2025 3:10:43 PM org.eclipse.lsp4j.jsonrpc.services.GenericEndpoint notify
WARNING: Unsupported notification method: metals/windowStateDidChange
2025.03.26 15:11:08 INFO  no build target found for /home/noe/docs/cours/distributed_data_processing/activity1/FirstProject/src/main/scala/com/example/firstproject/StackOverflow.scala. Using presentation compiler with project's scala-library version: 3.3.4[0m
Mar 26, 2025 3:11:08 PM org.eclipse.lsp4j.jsonrpc.services.GenericEndpoint notify
WARNING: Unsupported notification method: metals/windowStateDidChange
2025.03.26 15:11:08 INFO  no build target found for /home/noe/docs/cours/distributed_data_processing/activity1/FirstProject/src/main/scala/com/example/firstproject/StackOverflow.scala. Using presentation compiler with project's scala-library version: 3.3.4[0m
Mar 26, 2025 3:11:18 PM org.eclipse.lsp4j.jsonrpc.services.GenericEndpoint notify
WARNING: Unsupported notification method: metals/windowStateDidChange
2025.03.26 15:11:32 INFO  no build target found for /home/noe/docs/cours/distributed_data_processing/activity1/FirstProject/src/main/scala/com/example/firstproject/StackOverflow.scala. Using presentation compiler with project's scala-library version: 3.3.4[0m
Mar 26, 2025 3:11:32 PM org.eclipse.lsp4j.jsonrpc.services.GenericEndpoint notify
WARNING: Unsupported notification method: metals/windowStateDidChange
2025.03.26 15:11:32 INFO  no build target found for /home/noe/docs/cours/distributed_data_processing/activity1/FirstProject/src/main/scala/com/example/firstproject/StackOverflow.scala. Using presentation compiler with project's scala-library version: 3.3.4[0m
2025.03.26 15:11:32 INFO  no build target found for /home/noe/docs/cours/distributed_data_processing/activity1/FirstProject/src/main/scala/com/example/firstproject/StackOverflow.scala. Using presentation compiler with project's scala-library version: 3.3.4[0m
Mar 26, 2025 3:11:52 PM org.eclipse.lsp4j.jsonrpc.services.GenericEndpoint notify
WARNING: Unsupported notification method: metals/windowStateDidChange
Mar 26, 2025 3:12:05 PM org.eclipse.lsp4j.jsonrpc.services.GenericEndpoint notify
WARNING: Unsupported notification method: metals/windowStateDidChange
Mar 26, 2025 3:12:20 PM org.eclipse.lsp4j.jsonrpc.services.GenericEndpoint notify
WARNING: Unsupported notification method: metals/windowStateDidChange
2025.03.26 15:16:45 INFO  no build target found for /home/noe/docs/cours/distributed_data_processing/activity1/FirstProject/src/main/scala/com/example/firstproject/StackOverflow.scala. Using presentation compiler with project's scala-library version: 3.3.4[0m
Mar 26, 2025 3:16:45 PM org.eclipse.lsp4j.jsonrpc.services.GenericEndpoint notify
WARNING: Unsupported notification method: metals/windowStateDidChange
2025.03.26 15:16:45 INFO  no build target found for /home/noe/docs/cours/distributed_data_processing/activity1/FirstProject/src/main/scala/com/example/firstproject/StackOverflow.scala. Using presentation compiler with project's scala-library version: 3.3.4[0m
2025.03.26 15:16:45 INFO  no build target found for /home/noe/docs/cours/distributed_data_processing/activity1/FirstProject/src/main/scala/com/example/firstproject/StackOverflow.scala. Using presentation compiler with project's scala-library version: 3.3.4[0m
Mar 26, 2025 3:16:55 PM org.eclipse.lsp4j.jsonrpc.services.GenericEndpoint notify
WARNING: Unsupported notification method: metals/windowStateDidChange
2025.03.26 15:17:16 INFO  no build target found for /home/noe/docs/cours/distributed_data_processing/activity1/FirstProject/src/main/scala/com/example/firstproject/StackOverflow.scala. Using presentation compiler with project's scala-library version: 3.3.4[0m
Mar 26, 2025 3:17:16 PM org.eclipse.lsp4j.jsonrpc.services.GenericEndpoint notify
WARNING: Unsupported notification method: metals/windowStateDidChange
2025.03.26 15:17:16 INFO  no build target found for /home/noe/docs/cours/distributed_data_processing/activity1/FirstProject/src/main/scala/com/example/firstproject/StackOverflow.scala. Using presentation compiler with project's scala-library version: 3.3.4[0m
2025.03.26 15:17:16 INFO  no build target found for /home/noe/docs/cours/distributed_data_processing/activity1/FirstProject/src/main/scala/com/example/firstproject/StackOverflow.scala. Using presentation compiler with project's scala-library version: 3.3.4[0m
Mar 26, 2025 3:17:29 PM org.eclipse.lsp4j.jsonrpc.services.GenericEndpoint notify
WARNING: Unsupported notification method: metals/windowStateDidChange
2025.03.26 15:18:37 INFO  no build target found for /home/noe/docs/cours/distributed_data_processing/activity1/FirstProject/src/main/scala/com/example/firstproject/StackOverflow.scala. Using presentation compiler with project's scala-library version: 3.3.4[0m
Mar 26, 2025 3:18:37 PM org.eclipse.lsp4j.jsonrpc.services.GenericEndpoint notify
WARNING: Unsupported notification method: metals/windowStateDidChange
2025.03.26 15:18:37 INFO  no build target found for /home/noe/docs/cours/distributed_data_processing/activity1/FirstProject/src/main/scala/com/example/firstproject/StackOverflow.scala. Using presentation compiler with project's scala-library version: 3.3.4[0m
2025.03.26 15:18:38 INFO  no build target found for /home/noe/docs/cours/distributed_data_processing/activity1/FirstProject/src/main/scala/com/example/firstproject/StackOverflow.scala. Using presentation compiler with project's scala-library version: 3.3.4[0m
Mar 26, 2025 3:18:50 PM org.eclipse.lsp4j.jsonrpc.services.GenericEndpoint notify
WARNING: Unsupported notification method: metals/windowStateDidChange
2025.03.26 15:19:23 INFO  no build target found for /home/noe/docs/cours/distributed_data_processing/activity1/FirstProject/src/main/scala/com/example/firstproject/StackOverflow.scala. Using presentation compiler with project's scala-library version: 3.3.4[0m
Mar 26, 2025 3:19:23 PM org.eclipse.lsp4j.jsonrpc.services.GenericEndpoint notify
WARNING: Unsupported notification method: metals/windowStateDidChange
2025.03.26 15:19:23 INFO  no build target found for /home/noe/docs/cours/distributed_data_processing/activity1/FirstProject/src/main/scala/com/example/firstproject/StackOverflow.scala. Using presentation compiler with project's scala-library version: 3.3.4[0m
2025.03.26 15:19:23 INFO  no build target found for /home/noe/docs/cours/distributed_data_processing/activity1/FirstProject/src/main/scala/com/example/firstproject/StackOverflow.scala. Using presentation compiler with project's scala-library version: 3.3.4[0m
2025.03.26 15:19:31 INFO  no build target found for /home/noe/docs/cours/distributed_data_processing/activity1/FirstProject/src/main/scala/com/example/firstproject/StackOverflow.scala. Using presentation compiler with project's scala-library version: 3.3.4[0m
2025.03.26 15:19:31 INFO  no build target found for /home/noe/docs/cours/distributed_data_processing/activity1/FirstProject/src/main/scala/com/example/firstproject/StackOverflow.scala. Using presentation compiler with project's scala-library version: 3.3.4[0m
2025.03.26 15:19:31 INFO  no build target found for /home/noe/docs/cours/distributed_data_processing/activity1/FirstProject/src/main/scala/com/example/firstproject/StackOverflow.scala. Using presentation compiler with project's scala-library version: 3.3.4[0m
Mar 26, 2025 3:19:41 PM org.eclipse.lsp4j.jsonrpc.services.GenericEndpoint notify
WARNING: Unsupported notification method: metals/windowStateDidChange
2025.03.26 15:20:01 INFO  no build target found for /home/noe/docs/cours/distributed_data_processing/activity1/FirstProject/src/main/scala/com/example/firstproject/StackOverflow.scala. Using presentation compiler with project's scala-library version: 3.3.4[0m
Mar 26, 2025 3:20:01 PM org.eclipse.lsp4j.jsonrpc.services.GenericEndpoint notify
WARNING: Unsupported notification method: metals/windowStateDidChange
2025.03.26 15:20:01 INFO  no build target found for /home/noe/docs/cours/distributed_data_processing/activity1/FirstProject/src/main/scala/com/example/firstproject/StackOverflow.scala. Using presentation compiler with project's scala-library version: 3.3.4[0m
2025.03.26 15:20:01 INFO  no build target found for /home/noe/docs/cours/distributed_data_processing/activity1/FirstProject/src/main/scala/com/example/firstproject/StackOverflow.scala. Using presentation compiler with project's scala-library version: 3.3.4[0m
2025.03.26 15:20:08 INFO  no build target found for /home/noe/docs/cours/distributed_data_processing/activity1/FirstProject/src/main/scala/com/example/firstproject/StackOverflow.scala. Using presentation compiler with project's scala-library version: 3.3.4[0m
2025.03.26 15:20:08 INFO  no build target found for /home/noe/docs/cours/distributed_data_processing/activity1/FirstProject/src/main/scala/com/example/firstproject/StackOverflow.scala. Using presentation compiler with project's scala-library version: 3.3.4[0m
2025.03.26 15:20:08 INFO  no build target found for /home/noe/docs/cours/distributed_data_processing/activity1/FirstProject/src/main/scala/com/example/firstproject/StackOverflow.scala. Using presentation compiler with project's scala-library version: 3.3.4[0m
Mar 26, 2025 3:20:21 PM org.eclipse.lsp4j.jsonrpc.services.GenericEndpoint notify
WARNING: Unsupported notification method: metals/windowStateDidChange
Mar 26, 2025 3:20:24 PM org.eclipse.lsp4j.jsonrpc.services.GenericEndpoint notify
WARNING: Unsupported notification method: metals/windowStateDidChange
Mar 26, 2025 3:20:34 PM org.eclipse.lsp4j.jsonrpc.services.GenericEndpoint notify
WARNING: Unsupported notification method: metals/windowStateDidChange
2025.03.26 15:20:59 INFO  no build target found for /home/noe/docs/cours/distributed_data_processing/activity1/FirstProject/src/main/scala/com/example/firstproject/StackOverflow.scala. Using presentation compiler with project's scala-library version: 3.3.4[0m
Mar 26, 2025 3:20:59 PM org.eclipse.lsp4j.jsonrpc.services.GenericEndpoint notify
WARNING: Unsupported notification method: metals/windowStateDidChange
2025.03.26 15:20:59 INFO  no build target found for /home/noe/docs/cours/distributed_data_processing/activity1/FirstProject/src/main/scala/com/example/firstproject/StackOverflow.scala. Using presentation compiler with project's scala-library version: 3.3.4[0m
Mar 26, 2025 3:21:09 PM org.eclipse.lsp4j.jsonrpc.services.GenericEndpoint notify
WARNING: Unsupported notification method: metals/windowStateDidChange
2025.03.26 15:21:53 INFO  no build target found for /home/noe/docs/cours/distributed_data_processing/activity1/FirstProject/src/main/scala/com/example/firstproject/StackOverflow.scala. Using presentation compiler with project's scala-library version: 3.3.4[0m
Mar 26, 2025 3:21:53 PM org.eclipse.lsp4j.jsonrpc.services.GenericEndpoint notify
WARNING: Unsupported notification method: metals/windowStateDidChange
2025.03.26 15:21:53 INFO  no build target found for /home/noe/docs/cours/distributed_data_processing/activity1/FirstProject/src/main/scala/com/example/firstproject/StackOverflow.scala. Using presentation compiler with project's scala-library version: 3.3.4[0m
2025.03.26 15:21:54 INFO  no build target found for /home/noe/docs/cours/distributed_data_processing/activity1/FirstProject/src/main/scala/com/example/firstproject/StackOverflow.scala. Using presentation compiler with project's scala-library version: 3.3.4[0m
Mar 26, 2025 3:22:09 PM org.eclipse.lsp4j.jsonrpc.services.GenericEndpoint notify
WARNING: Unsupported notification method: metals/windowStateDidChange
2025.03.26 15:22:59 INFO  no build target found for /home/noe/docs/cours/distributed_data_processing/activity1/FirstProject/src/main/scala/com/example/firstproject/StackOverflow.scala. Using presentation compiler with project's scala-library version: 3.3.4[0m
Mar 26, 2025 3:22:59 PM org.eclipse.lsp4j.jsonrpc.services.GenericEndpoint notify
WARNING: Unsupported notification method: metals/windowStateDidChange
2025.03.26 15:22:59 INFO  no build target found for /home/noe/docs/cours/distributed_data_processing/activity1/FirstProject/src/main/scala/com/example/firstproject/StackOverflow.scala. Using presentation compiler with project's scala-library version: 3.3.4[0m
2025.03.26 15:22:59 INFO  no build target found for /home/noe/docs/cours/distributed_data_processing/activity1/FirstProject/src/main/scala/com/example/firstproject/StackOverflow.scala. Using presentation compiler with project's scala-library version: 3.3.4[0m
Mar 26, 2025 3:23:09 PM org.eclipse.lsp4j.jsonrpc.services.GenericEndpoint notify
WARNING: Unsupported notification method: metals/windowStateDidChange
2025.03.26 15:24:17 INFO  no build target found for /home/noe/docs/cours/distributed_data_processing/activity1/FirstProject/src/main/scala/com/example/firstproject/StackOverflow.scala. Using presentation compiler with project's scala-library version: 3.3.4[0m
Mar 26, 2025 3:24:17 PM org.eclipse.lsp4j.jsonrpc.services.GenericEndpoint notify
WARNING: Unsupported notification method: metals/windowStateDidChange
2025.03.26 15:24:17 INFO  no build target found for /home/noe/docs/cours/distributed_data_processing/activity1/FirstProject/src/main/scala/com/example/firstproject/StackOverflow.scala. Using presentation compiler with project's scala-library version: 3.3.4[0m
2025.03.26 15:24:17 INFO  no build target found for /home/noe/docs/cours/distributed_data_processing/activity1/FirstProject/src/main/scala/com/example/firstproject/StackOverflow.scala. Using presentation compiler with project's scala-library version: 3.3.4[0m
Mar 26, 2025 3:24:27 PM org.eclipse.lsp4j.jsonrpc.services.GenericEndpoint notify
WARNING: Unsupported notification method: metals/windowStateDidChange
2025.03.26 15:24:49 INFO  no build target found for /home/noe/docs/cours/distributed_data_processing/activity1/FirstProject/src/main/scala/com/example/firstproject/StackOverflow.scala. Using presentation compiler with project's scala-library version: 3.3.4[0m
Mar 26, 2025 3:24:49 PM org.eclipse.lsp4j.jsonrpc.services.GenericEndpoint notify
WARNING: Unsupported notification method: metals/windowStateDidChange
2025.03.26 15:24:49 INFO  no build target found for /home/noe/docs/cours/distributed_data_processing/activity1/FirstProject/src/main/scala/com/example/firstproject/StackOverflow.scala. Using presentation compiler with project's scala-library version: 3.3.4[0m
2025.03.26 15:24:49 INFO  no build target found for /home/noe/docs/cours/distributed_data_processing/activity1/FirstProject/src/main/scala/com/example/firstproject/StackOverflow.scala. Using presentation compiler with project's scala-library version: 3.3.4[0m
Mar 26, 2025 3:24:59 PM org.eclipse.lsp4j.jsonrpc.services.GenericEndpoint notify
WARNING: Unsupported notification method: metals/windowStateDidChange
Mar 26, 2025 3:24:59 PM org.eclipse.lsp4j.jsonrpc.services.GenericEndpoint notify
WARNING: Unsupported notification method: metals/windowStateDidChange
Mar 26, 2025 3:25:09 PM org.eclipse.lsp4j.jsonrpc.services.GenericEndpoint notify
WARNING: Unsupported notification method: metals/windowStateDidChange
2025.03.26 16:00:54 WARN  no build target for: /home/noe/docs/cours/distributed_data_processing/activity1/FirstProject/build.sbt[0m
2025.03.26 16:00:54 INFO  no build target found for /home/noe/docs/cours/distributed_data_processing/activity1/FirstProject/build.sbt. Using presentation compiler with project's scala-library version: 3.3.4[0m
2025.03.26 16:00:54 INFO  no build target found for /home/noe/docs/cours/distributed_data_processing/activity1/FirstProject/src/main/scala/com/example/firstproject/StackOverflow.scala. Using presentation compiler with project's scala-library version: 3.3.4[0m
2025.03.26 16:00:58 WARN  no build target for: /home/noe/docs/cours/distributed_data_processing/activity1/FirstProject/build.sbt[0m
2025.03.26 16:00:58 INFO  no build target found for /home/noe/docs/cours/distributed_data_processing/activity1/FirstProject/build.sbt. Using presentation compiler with project's scala-library version: 3.3.4[0m
2025.03.26 16:00:58 INFO  no build target found for /home/noe/docs/cours/distributed_data_processing/activity1/FirstProject/src/main/scala/com/example/firstproject/StackOverflow.scala. Using presentation compiler with project's scala-library version: 3.3.4[0m
Mar 26, 2025 4:04:05 PM org.eclipse.lsp4j.jsonrpc.services.GenericEndpoint notify
WARNING: Unsupported notification method: metals/windowStateDidChange
Mar 26, 2025 4:04:15 PM org.eclipse.lsp4j.jsonrpc.services.GenericEndpoint notify
WARNING: Unsupported notification method: metals/windowStateDidChange
Mar 26, 2025 4:04:26 PM org.eclipse.lsp4j.jsonrpc.services.GenericEndpoint notify
WARNING: Unsupported notification method: metals/windowStateDidChange
Mar 26, 2025 4:04:36 PM org.eclipse.lsp4j.jsonrpc.services.GenericEndpoint notify
WARNING: Unsupported notification method: metals/windowStateDidChange
Mar 26, 2025 4:06:38 PM org.eclipse.lsp4j.jsonrpc.services.GenericEndpoint notify
WARNING: Unsupported notification method: metals/windowStateDidChange
Mar 26, 2025 4:06:48 PM org.eclipse.lsp4j.jsonrpc.services.GenericEndpoint notify
WARNING: Unsupported notification method: metals/windowStateDidChange
Mar 26, 2025 4:07:30 PM org.eclipse.lsp4j.jsonrpc.services.GenericEndpoint notify
WARNING: Unsupported notification method: metals/windowStateDidChange
2025.03.26 16:07:31 INFO  no build target found for /home/noe/docs/cours/distributed_data_processing/activity1/FirstProject/src/main/scala/com/example/firstproject/StackOverflow.scala. Using presentation compiler with project's scala-library version: 3.3.4[0m
Mar 26, 2025 4:07:40 PM org.eclipse.lsp4j.jsonrpc.services.GenericEndpoint notify
WARNING: Unsupported notification method: metals/windowStateDidChange
Mar 26, 2025 4:08:59 PM org.eclipse.lsp4j.jsonrpc.services.GenericEndpoint notify
WARNING: Unsupported notification method: metals/windowStateDidChange
Mar 26, 2025 4:09:09 PM org.eclipse.lsp4j.jsonrpc.services.GenericEndpoint notify
WARNING: Unsupported notification method: metals/windowStateDidChange
Mar 26, 2025 4:11:45 PM org.eclipse.lsp4j.jsonrpc.services.GenericEndpoint notify
WARNING: Unsupported notification method: metals/windowStateDidChange
Mar 26, 2025 4:11:55 PM org.eclipse.lsp4j.jsonrpc.services.GenericEndpoint notify
WARNING: Unsupported notification method: metals/windowStateDidChange
2025.03.26 16:39:09 WARN  no build target for: /home/noe/docs/cours/distributed_data_processing/activity1/FirstProject/build.sbt[0m
2025.03.26 16:39:09 INFO  no build target found for /home/noe/docs/cours/distributed_data_processing/activity1/FirstProject/build.sbt. Using presentation compiler with project's scala-library version: 3.3.4[0m
2025.03.26 16:39:09 INFO  no build target found for /home/noe/docs/cours/distributed_data_processing/activity1/FirstProject/src/main/scala/com/example/firstproject/StackOverflow.scala. Using presentation compiler with project's scala-library version: 3.3.4[0m
2025.03.26 16:39:12 INFO  no build target found for /home/noe/docs/cours/distributed_data_processing/activity1/FirstProject/build.sbt. Using presentation compiler with project's scala-library version: 3.3.4[0m
2025.03.26 16:39:12 WARN  no build target for: /home/noe/docs/cours/distributed_data_processing/activity1/FirstProject/build.sbt[0m
2025.03.26 16:39:12 INFO  no build target found for /home/noe/docs/cours/distributed_data_processing/activity1/FirstProject/src/main/scala/com/example/firstproject/StackOverflow.scala. Using presentation compiler with project's scala-library version: 3.3.4[0m
2025.03.26 16:39:20 INFO  no build target found for /home/noe/docs/cours/distributed_data_processing/activity1/FirstProject/src/main/scala/com/example/firstproject/StackOverflow.scala. Using presentation compiler with project's scala-library version: 3.3.4[0m
2025.03.26 16:39:34 INFO  no build target found for /home/noe/docs/cours/distributed_data_processing/activity1/FirstProject/src/main/scala/com/example/firstproject/StackOverflow.scala. Using presentation compiler with project's scala-library version: 3.3.4[0m
Mar 26, 2025 4:39:43 PM org.eclipse.lsp4j.jsonrpc.services.GenericEndpoint notify
WARNING: Unsupported notification method: metals/windowStateDidChange
Mar 26, 2025 4:39:53 PM org.eclipse.lsp4j.jsonrpc.services.GenericEndpoint notify
WARNING: Unsupported notification method: metals/windowStateDidChange
2025.03.26 16:40:53 WARN  no build target for: /home/noe/docs/cours/distributed_data_processing/activity1/FirstProject/build.sbt[0m
2025.03.26 16:40:53 INFO  no build target found for /home/noe/docs/cours/distributed_data_processing/activity1/FirstProject/build.sbt. Using presentation compiler with project's scala-library version: 3.3.4[0m
2025.03.26 16:40:53 INFO  no build target found for /home/noe/docs/cours/distributed_data_processing/activity1/FirstProject/src/main/scala/com/example/firstproject/StackOverflow.scala. Using presentation compiler with project's scala-library version: 3.3.4[0m
2025.03.26 16:40:58 WARN  no build target for: /home/noe/docs/cours/distributed_data_processing/activity1/FirstProject/build.sbt[0m
2025.03.26 16:40:58 INFO  no build target found for /home/noe/docs/cours/distributed_data_processing/activity1/FirstProject/build.sbt. Using presentation compiler with project's scala-library version: 3.3.4[0m
2025.03.26 16:40:58 INFO  no build target found for /home/noe/docs/cours/distributed_data_processing/activity1/FirstProject/src/main/scala/com/example/firstproject/StackOverflow.scala. Using presentation compiler with project's scala-library version: 3.3.4[0m
2025.03.26 16:41:03 INFO  no build target found for /home/noe/docs/cours/distributed_data_processing/activity1/FirstProject/src/main/scala/com/example/firstproject/StackOverflow.scala. Using presentation compiler with project's scala-library version: 3.3.4[0m
Mar 26, 2025 4:41:37 PM org.eclipse.lsp4j.jsonrpc.services.GenericEndpoint notify
WARNING: Unsupported notification method: metals/windowStateDidChange
Mar 26, 2025 4:41:47 PM org.eclipse.lsp4j.jsonrpc.services.GenericEndpoint notify
WARNING: Unsupported notification method: metals/windowStateDidChange
Mar 26, 2025 4:42:34 PM org.eclipse.lsp4j.jsonrpc.services.GenericEndpoint notify
WARNING: Unsupported notification method: metals/windowStateDidChange
Mar 26, 2025 4:42:44 PM org.eclipse.lsp4j.jsonrpc.services.GenericEndpoint notify
WARNING: Unsupported notification method: metals/windowStateDidChange
Mar 26, 2025 4:48:01 PM org.eclipse.lsp4j.jsonrpc.services.GenericEndpoint notify
WARNING: Unsupported notification method: metals/windowStateDidChange
Mar 26, 2025 4:48:11 PM org.eclipse.lsp4j.jsonrpc.services.GenericEndpoint notify
WARNING: Unsupported notification method: metals/windowStateDidChange
Mar 26, 2025 4:54:05 PM org.eclipse.lsp4j.jsonrpc.services.GenericEndpoint notify
WARNING: Unsupported notification method: metals/windowStateDidChange
Mar 26, 2025 4:54:15 PM org.eclipse.lsp4j.jsonrpc.services.GenericEndpoint notify
WARNING: Unsupported notification method: metals/windowStateDidChange
Mar 26, 2025 4:55:47 PM org.eclipse.lsp4j.jsonrpc.services.GenericEndpoint notify
WARNING: Unsupported notification method: metals/windowStateDidChange
Mar 26, 2025 4:55:57 PM org.eclipse.lsp4j.jsonrpc.services.GenericEndpoint notify
WARNING: Unsupported notification method: metals/windowStateDidChange
Mar 26, 2025 4:57:09 PM org.eclipse.lsp4j.jsonrpc.services.GenericEndpoint notify
WARNING: Unsupported notification method: metals/windowStateDidChange
Mar 26, 2025 4:57:19 PM org.eclipse.lsp4j.jsonrpc.services.GenericEndpoint notify
WARNING: Unsupported notification method: metals/windowStateDidChange
Mar 26, 2025 5:31:34 PM org.eclipse.lsp4j.jsonrpc.services.GenericEndpoint notify
WARNING: Unsupported notification method: metals/windowStateDidChange
Mar 26, 2025 5:31:44 PM org.eclipse.lsp4j.jsonrpc.services.GenericEndpoint notify
WARNING: Unsupported notification method: metals/windowStateDidChange
Mar 26, 2025 5:34:36 PM org.eclipse.lsp4j.jsonrpc.services.GenericEndpoint notify
WARNING: Unsupported notification method: metals/windowStateDidChange
Mar 26, 2025 5:34:46 PM org.eclipse.lsp4j.jsonrpc.services.GenericEndpoint notify
WARNING: Unsupported notification method: metals/windowStateDidChange
Mar 26, 2025 5:35:25 PM org.eclipse.lsp4j.jsonrpc.services.GenericEndpoint notify
WARNING: Unsupported notification method: metals/windowStateDidChange
Mar 26, 2025 5:35:35 PM org.eclipse.lsp4j.jsonrpc.services.GenericEndpoint notify
WARNING: Unsupported notification method: metals/windowStateDidChange
Mar 26, 2025 5:43:04 PM org.eclipse.lsp4j.jsonrpc.services.GenericEndpoint notify
WARNING: Unsupported notification method: metals/windowStateDidChange
Mar 26, 2025 5:43:14 PM org.eclipse.lsp4j.jsonrpc.services.GenericEndpoint notify
WARNING: Unsupported notification method: metals/windowStateDidChange
Mar 26, 2025 5:45:01 PM org.eclipse.lsp4j.jsonrpc.services.GenericEndpoint notify
WARNING: Unsupported notification method: metals/windowStateDidChange
Mar 26, 2025 5:45:11 PM org.eclipse.lsp4j.jsonrpc.services.GenericEndpoint notify
WARNING: Unsupported notification method: metals/windowStateDidChange
Mar 26, 2025 5:45:27 PM org.eclipse.lsp4j.jsonrpc.services.GenericEndpoint notify
WARNING: Unsupported notification method: metals/windowStateDidChange
Mar 26, 2025 5:45:37 PM org.eclipse.lsp4j.jsonrpc.services.GenericEndpoint notify
WARNING: Unsupported notification method: metals/windowStateDidChange
Mar 26, 2025 5:46:24 PM org.eclipse.lsp4j.jsonrpc.services.GenericEndpoint notify
WARNING: Unsupported notification method: metals/windowStateDidChange
Mar 26, 2025 5:46:34 PM org.eclipse.lsp4j.jsonrpc.services.GenericEndpoint notify
WARNING: Unsupported notification method: metals/windowStateDidChange
Mar 26, 2025 5:47:05 PM org.eclipse.lsp4j.jsonrpc.services.GenericEndpoint notify
WARNING: Unsupported notification method: metals/windowStateDidChange
Mar 26, 2025 5:47:15 PM org.eclipse.lsp4j.jsonrpc.services.GenericEndpoint notify
WARNING: Unsupported notification method: metals/windowStateDidChange
Mar 26, 2025 5:48:20 PM org.eclipse.lsp4j.jsonrpc.services.GenericEndpoint notify
WARNING: Unsupported notification method: metals/windowStateDidChange
Mar 26, 2025 5:48:30 PM org.eclipse.lsp4j.jsonrpc.services.GenericEndpoint notify
WARNING: Unsupported notification method: metals/windowStateDidChange
Mar 26, 2025 5:49:00 PM org.eclipse.lsp4j.jsonrpc.services.GenericEndpoint notify
WARNING: Unsupported notification method: metals/windowStateDidChange
Mar 26, 2025 5:49:10 PM org.eclipse.lsp4j.jsonrpc.services.GenericEndpoint notify
WARNING: Unsupported notification method: metals/windowStateDidChange
Mar 26, 2025 5:50:00 PM org.eclipse.lsp4j.jsonrpc.services.GenericEndpoint notify
WARNING: Unsupported notification method: metals/windowStateDidChange
Mar 26, 2025 5:50:10 PM org.eclipse.lsp4j.jsonrpc.services.GenericEndpoint notify
WARNING: Unsupported notification method: metals/windowStateDidChange
Mar 26, 2025 5:51:24 PM org.eclipse.lsp4j.jsonrpc.services.GenericEndpoint notify
WARNING: Unsupported notification method: metals/windowStateDidChange
Mar 26, 2025 5:51:37 PM org.eclipse.lsp4j.jsonrpc.services.GenericEndpoint notify
WARNING: Unsupported notification method: metals/windowStateDidChange
Mar 26, 2025 5:53:25 PM org.eclipse.lsp4j.jsonrpc.services.GenericEndpoint notify
WARNING: Unsupported notification method: metals/windowStateDidChange
Mar 26, 2025 5:53:35 PM org.eclipse.lsp4j.jsonrpc.services.GenericEndpoint notify
WARNING: Unsupported notification method: metals/windowStateDidChange
Mar 26, 2025 5:53:59 PM org.eclipse.lsp4j.jsonrpc.services.GenericEndpoint notify
WARNING: Unsupported notification method: metals/windowStateDidChange
Mar 26, 2025 5:54:09 PM org.eclipse.lsp4j.jsonrpc.services.GenericEndpoint notify
WARNING: Unsupported notification method: metals/windowStateDidChange
Mar 27, 2025 1:13:30 AM org.eclipse.lsp4j.jsonrpc.services.GenericEndpoint notify
WARNING: Unsupported notification method: metals/windowStateDidChange
Mar 27, 2025 1:13:31 AM org.eclipse.lsp4j.jsonrpc.services.GenericEndpoint notify
WARNING: Unsupported notification method: metals/windowStateDidChange
Mar 27, 2025 1:13:31 AM org.eclipse.lsp4j.jsonrpc.services.GenericEndpoint notify
WARNING: Unsupported notification method: metals/windowStateDidChange
Mar 27, 2025 1:14:41 AM org.eclipse.lsp4j.jsonrpc.services.GenericEndpoint notify
WARNING: Unsupported notification method: metals/windowStateDidChange
Mar 27, 2025 3:19:17 AM org.eclipse.lsp4j.jsonrpc.services.GenericEndpoint notify
WARNING: Unsupported notification method: metals/windowStateDidChange
Mar 27, 2025 3:19:29 AM org.eclipse.lsp4j.jsonrpc.services.GenericEndpoint notify
WARNING: Unsupported notification method: metals/windowStateDidChange
2025.03.27 08:09:18 INFO  Started: Metals version 1.5.2 in folders '/home/noe/docs/cours/distributed_data_processing/activity1/FirstProject' for client Visual Studio Code 1.92.2.
2025.03.27 08:09:18 INFO  no build target found for /home/noe/docs/cours/distributed_data_processing/activity1/FirstProject/src/main/scala/com/example/firstproject/StackOverflow.scala. Using presentation compiler with project's scala-library version: 3.3.5
2025.03.27 08:09:25 INFO  no build target found for /home/noe/docs/cours/distributed_data_processing/activity1/FirstProject/src/main/scala/com/example/firstproject/StackOverflow.scala. Using presentation compiler with project's scala-library version: 3.3.5
Mar 27, 2025 8:09:25 AM org.eclipse.lsp4j.jsonrpc.RemoteEndpoint handleCancellation
WARNING: Unmatched cancel notification for request id 3
Mar 27, 2025 8:09:25 AM org.eclipse.lsp4j.jsonrpc.RemoteEndpoint handleCancellation
WARNING: Unmatched cancel notification for request id 1
2025.03.27 08:09:25 WARN  no build target for: /home/noe/docs/cours/distributed_data_processing/activity1/FirstProject/src/main/scala/com/example/firstproject/StackOverflow.scala
2025.03.27 08:09:25 INFO  no build target found for /home/noe/docs/cours/distributed_data_processing/activity1/FirstProject/src/main/scala/com/example/firstproject/StackOverflow.scala. Using presentation compiler with project's scala-library version: 3.3.5
2025.03.27 08:09:25 INFO  no build target found for /home/noe/docs/cours/distributed_data_processing/activity1/FirstProject/src/main/scala/com/example/firstproject/StackOverflow.scala. Using presentation compiler with project's scala-library version: 3.3.5
Mar 27, 2025 8:09:25 AM org.eclipse.lsp4j.jsonrpc.RemoteEndpoint handleCancellation
WARNING: Unmatched cancel notification for request id 8
2025.03.27 08:09:28 INFO  no build target found for /home/noe/docs/cours/distributed_data_processing/activity1/FirstProject/src/main/scala/com/example/firstproject/StackOverflow.scala. Using presentation compiler with project's scala-library version: 3.3.5
2025.03.27 08:11:19 INFO  no build target found for /home/noe/docs/cours/distributed_data_processing/activity1/FirstProject/src/main/scala/com/example/firstproject/StackOverflow.scala. Using presentation compiler with project's scala-library version: 3.3.5
2025.03.27 08:11:19 INFO  no build target found for /home/noe/docs/cours/distributed_data_processing/activity1/FirstProject/src/main/scala/com/example/firstproject/StackOverflow.scala. Using presentation compiler with project's scala-library version: 3.3.5
2025.03.27 08:11:19 INFO  no build target found for /home/noe/docs/cours/distributed_data_processing/activity1/FirstProject/src/main/scala/com/example/firstproject/StackOverflow.scala. Using presentation compiler with project's scala-library version: 3.3.5
2025.03.27 08:11:30 INFO  no build target found for /home/noe/docs/cours/distributed_data_processing/activity1/FirstProject/src/main/scala/com/example/firstproject/StackOverflow.scala. Using presentation compiler with project's scala-library version: 3.3.5
2025.03.27 08:11:30 INFO  no build target found for /home/noe/docs/cours/distributed_data_processing/activity1/FirstProject/src/main/scala/com/example/firstproject/MongoDB.scala. Using presentation compiler with project's scala-library version: 3.3.5
2025.03.27 08:11:30 INFO  no build target found for /home/noe/docs/cours/distributed_data_processing/activity1/FirstProject/src/main/scala/com/example/firstproject/MongoDB.scala. Using presentation compiler with project's scala-library version: 3.3.5
2025.03.27 08:11:30 INFO  no build target found for /home/noe/docs/cours/distributed_data_processing/activity1/FirstProject/src/main/scala/com/example/firstproject/MongoDB.scala. Using presentation compiler with project's scala-library version: 3.3.5
2025.03.27 10:52:38 WARN  no build target for: /home/noe/docs/cours/distributed_data_processing/activity1/FirstProject/build.sbt
2025.03.27 10:52:38 INFO  no build target found for /home/noe/docs/cours/distributed_data_processing/activity1/FirstProject/build.sbt. Using presentation compiler with project's scala-library version: 3.3.5
2025.03.27 10:52:38 INFO  no build target found for /home/noe/docs/cours/distributed_data_processing/activity1/FirstProject/src/main/scala/com/example/firstproject/MongoDB.scala. Using presentation compiler with project's scala-library version: 3.3.5
2025.03.27 10:52:47 INFO  no build target found for /home/noe/docs/cours/distributed_data_processing/activity1/FirstProject/src/main/scala/com/example/firstproject/MongoDB.scala. Using presentation compiler with project's scala-library version: 3.3.5
2025.03.27 14:21:32 INFO  no build target found for /home/noe/docs/cours/distributed_data_processing/activity1/FirstProject/src/main/scala/com/example/firstproject/MongoDB.scala. Using presentation compiler with project's scala-library version: 3.3.5
2025.03.27 14:22:17 INFO  no build target found for /home/noe/docs/cours/distributed_data_processing/activity1/FirstProject/src/main/scala/com/example/firstproject/MongoDB.scala. Using presentation compiler with project's scala-library version: 3.3.5
2025.03.27 14:22:17 INFO  no build target found for /home/noe/docs/cours/distributed_data_processing/activity1/FirstProject/src/main/scala/com/example/firstproject/MongoDB.scala. Using presentation compiler with project's scala-library version: 3.3.5
2025.03.27 14:22:20 INFO  no build target found for /home/noe/docs/cours/distributed_data_processing/activity1/FirstProject/src/main/scala/com/example/firstproject/MongoDB.scala. Using presentation compiler with project's scala-library version: 3.3.5
2025.03.27 14:22:20 INFO  no build target found for /home/noe/docs/cours/distributed_data_processing/activity1/FirstProject/src/main/scala/com/example/firstproject/MongoDB.scala. Using presentation compiler with project's scala-library version: 3.3.5
2025.03.27 14:22:20 INFO  no build target found for /home/noe/docs/cours/distributed_data_processing/activity1/FirstProject/src/main/scala/com/example/firstproject/MongoDB.scala. Using presentation compiler with project's scala-library version: 3.3.5
2025.03.27 14:22:27 INFO  no build target found for /home/noe/docs/cours/distributed_data_processing/activity1/FirstProject/src/main/scala/com/example/firstproject/MongoDB.scala. Using presentation compiler with project's scala-library version: 3.3.5
2025.03.27 14:22:27 INFO  no build target found for /home/noe/docs/cours/distributed_data_processing/activity1/FirstProject/src/main/scala/com/example/firstproject/MongoDB.scala. Using presentation compiler with project's scala-library version: 3.3.5
2025.03.27 14:24:47 WARN  no build target for: /home/noe/docs/cours/distributed_data_processing/activity1/FirstProject/build.sbt
2025.03.27 14:24:47 INFO  no build target found for /home/noe/docs/cours/distributed_data_processing/activity1/FirstProject/build.sbt. Using presentation compiler with project's scala-library version: 3.3.5
2025.03.27 14:24:47 INFO  no build target found for /home/noe/docs/cours/distributed_data_processing/activity1/FirstProject/src/main/scala/com/example/firstproject/MongoDB.scala. Using presentation compiler with project's scala-library version: 3.3.5
2025.03.27 14:25:01 INFO  no build target found for /home/noe/docs/cours/distributed_data_processing/activity1/FirstProject/src/main/scala/com/example/firstproject/MongoDB.scala. Using presentation compiler with project's scala-library version: 3.3.5
2025.03.27 14:46:28 INFO  no build target found for /home/noe/docs/cours/distributed_data_processing/activity1/FirstProject/src/main/scala/com/example/firstproject/MongoDB.scala. Using presentation compiler with project's scala-library version: 3.3.5
2025.03.27 14:49:54 WARN  no build target for: /home/noe/docs/cours/distributed_data_processing/activity1/FirstProject/build.sbt
2025.03.27 14:49:54 INFO  no build target found for /home/noe/docs/cours/distributed_data_processing/activity1/FirstProject/build.sbt. Using presentation compiler with project's scala-library version: 3.3.5
2025.03.27 14:49:54 INFO  no build target found for /home/noe/docs/cours/distributed_data_processing/activity1/FirstProject/src/main/scala/com/example/firstproject/MongoDB.scala. Using presentation compiler with project's scala-library version: 3.3.5
2025.03.27 14:50:06 INFO  no build target found for /home/noe/docs/cours/distributed_data_processing/activity1/FirstProject/build.sbt. Using presentation compiler with project's scala-library version: 3.3.5
2025.03.27 14:50:06 WARN  no build target for: /home/noe/docs/cours/distributed_data_processing/activity1/FirstProject/build.sbt
2025.03.27 14:50:06 INFO  no build target found for /home/noe/docs/cours/distributed_data_processing/activity1/FirstProject/src/main/scala/com/example/firstproject/MongoDB.scala. Using presentation compiler with project's scala-library version: 3.3.5
2025.03.27 14:50:13 INFO  no build target found for /home/noe/docs/cours/distributed_data_processing/activity1/FirstProject/src/main/scala/com/example/firstproject/MongoDB.scala. Using presentation compiler with project's scala-library version: 3.3.5
2025.03.27 14:52:15 INFO  no build target found for /home/noe/docs/cours/distributed_data_processing/activity1/FirstProject/build.sbt. Using presentation compiler with project's scala-library version: 3.3.5
2025.03.27 14:52:15 WARN  no build target for: /home/noe/docs/cours/distributed_data_processing/activity1/FirstProject/build.sbt
2025.03.27 14:52:15 INFO  no build target found for /home/noe/docs/cours/distributed_data_processing/activity1/FirstProject/src/main/scala/com/example/firstproject/MongoDB.scala. Using presentation compiler with project's scala-library version: 3.3.5
2025.03.27 14:52:21 INFO  no build target found for /home/noe/docs/cours/distributed_data_processing/activity1/FirstProject/src/main/scala/com/example/firstproject/MongoDB.scala. Using presentation compiler with project's scala-library version: 3.3.5
Mar 27, 2025 3:39:51 PM org.eclipse.lsp4j.jsonrpc.RemoteEndpoint handleNotification
WARNING: Notification threw an exception: {
  "jsonrpc": "2.0",
  "method": "workspace/didChangeWatchedFiles",
  "params": {
    "changes": [
      {
        "uri": "file:///home/noe/docs/cours/distributed_data_processing/activity1/FirstProject/.bsp/sbt.json",
        "type": 2
      }
    ]
  }
}
java.lang.IllegalStateException: An unexpected exception occurred while executing jsonrpc method public abstract java.util.concurrent.CompletableFuture scala.meta.metals.lsp.WorkspaceService.didChangeWatchedFiles(org.eclipse.lsp4j.DidChangeWatchedFilesParams)
	at org.eclipse.lsp4j.jsonrpc.services.GenericEndpoint.lambda$recursiveFindRpcMethods$0(GenericEndpoint.java:73)
	at org.eclipse.lsp4j.jsonrpc.services.GenericEndpoint.notify(GenericEndpoint.java:160)
	at org.eclipse.lsp4j.jsonrpc.RemoteEndpoint.handleNotification(RemoteEndpoint.java:231)
	at org.eclipse.lsp4j.jsonrpc.RemoteEndpoint.consume(RemoteEndpoint.java:198)
	at org.eclipse.lsp4j.jsonrpc.json.StreamMessageProducer.handleMessage(StreamMessageProducer.java:185)
	at org.eclipse.lsp4j.jsonrpc.json.StreamMessageProducer.listen(StreamMessageProducer.java:97)
	at org.eclipse.lsp4j.jsonrpc.json.ConcurrentMessageProcessor.run(ConcurrentMessageProcessor.java:114)
	at java.base/java.util.concurrent.Executors$RunnableAdapter.call(Executors.java:572)
	at java.base/java.util.concurrent.FutureTask.run(FutureTask.java:317)
	at java.base/java.util.concurrent.ThreadPoolExecutor.runWorker(ThreadPoolExecutor.java:1144)
	at java.base/java.util.concurrent.ThreadPoolExecutor$Worker.run(ThreadPoolExecutor.java:642)
	at java.base/java.lang.Thread.run(Thread.java:1583)
Caused by: java.nio.file.NoSuchFileException: /home/noe/docs/cours/distributed_data_processing/activity1/FirstProject/.bsp/sbt.json
	at java.base/sun.nio.fs.UnixException.translateToIOException(UnixException.java:92)
	at java.base/sun.nio.fs.UnixException.rethrowAsIOException(UnixException.java:106)
	at java.base/sun.nio.fs.UnixException.rethrowAsIOException(UnixException.java:111)
	at java.base/sun.nio.fs.UnixFileSystemProvider.newByteChannel(UnixFileSystemProvider.java:261)
	at java.base/java.nio.file.Files.newByteChannel(Files.java:380)
	at java.base/java.nio.file.Files.newByteChannel(Files.java:432)
	at java.base/java.nio.file.Files.readAllBytes(Files.java:3281)
	at scala.meta.internal.io.PlatformFileIO$.slurp(PlatformFileIO.scala:42)
	at scala.meta.internal.io.FileIO$.slurp(FileIO.scala:18)
	at scala.meta.internal.metals.MetalsLspService.$anonfun$onChange$1(MetalsLspService.scala:907)
	at scala.collection.immutable.List.map(List.scala:247)
	at scala.collection.immutable.List.map(List.scala:79)
	at scala.meta.internal.metals.MetalsLspService.onChange(MetalsLspService.scala:906)
	at scala.meta.internal.metals.ProjectMetalsLspService.onChange(ProjectMetalsLspService.scala:229)
	at scala.meta.internal.metals.MetalsLspService.didChangeWatchedFiles(MetalsLspService.scala:892)
	at scala.meta.internal.metals.WorkspaceLspService.$anonfun$didChangeWatchedFiles$3(WorkspaceLspService.scala:672)
	at scala.collection.StrictOptimizedIterableOps.map(StrictOptimizedIterableOps.scala:100)
	at scala.collection.StrictOptimizedIterableOps.map$(StrictOptimizedIterableOps.scala:87)
	at scala.collection.immutable.HashMap.map(HashMap.scala:39)
	at scala.meta.internal.metals.WorkspaceLspService.didChangeWatchedFiles(WorkspaceLspService.scala:671)
	at scala.meta.metals.lsp.DelegatingScalaService.didChangeWatchedFiles(DelegatingScalaService.scala:61)
	at java.base/jdk.internal.reflect.DirectMethodHandleAccessor.invoke(DirectMethodHandleAccessor.java:103)
	at java.base/java.lang.reflect.Method.invoke(Method.java:580)
	at org.eclipse.lsp4j.jsonrpc.services.GenericEndpoint.lambda$recursiveFindRpcMethods$0(GenericEndpoint.java:65)
	... 11 more

Mar 27, 2025 3:40:32 PM org.eclipse.lsp4j.jsonrpc.RemoteEndpoint handleNotification
WARNING: Notification threw an exception: {
  "jsonrpc": "2.0",
  "method": "workspace/didChangeWatchedFiles",
  "params": {
    "changes": [
      {
        "uri": "file:///home/noe/docs/cours/distributed_data_processing/activity1/FirstProject/build.sbt",
        "type": 2
      }
    ]
  }
}
java.lang.IllegalStateException: An unexpected exception occurred while executing jsonrpc method public abstract java.util.concurrent.CompletableFuture scala.meta.metals.lsp.WorkspaceService.didChangeWatchedFiles(org.eclipse.lsp4j.DidChangeWatchedFilesParams)
	at org.eclipse.lsp4j.jsonrpc.services.GenericEndpoint.lambda$recursiveFindRpcMethods$0(GenericEndpoint.java:73)
	at org.eclipse.lsp4j.jsonrpc.services.GenericEndpoint.notify(GenericEndpoint.java:160)
	at org.eclipse.lsp4j.jsonrpc.RemoteEndpoint.handleNotification(RemoteEndpoint.java:231)
	at org.eclipse.lsp4j.jsonrpc.RemoteEndpoint.consume(RemoteEndpoint.java:198)
	at org.eclipse.lsp4j.jsonrpc.json.StreamMessageProducer.handleMessage(StreamMessageProducer.java:185)
	at org.eclipse.lsp4j.jsonrpc.json.StreamMessageProducer.listen(StreamMessageProducer.java:97)
	at org.eclipse.lsp4j.jsonrpc.json.ConcurrentMessageProcessor.run(ConcurrentMessageProcessor.java:114)
	at java.base/java.util.concurrent.Executors$RunnableAdapter.call(Executors.java:572)
	at java.base/java.util.concurrent.FutureTask.run(FutureTask.java:317)
	at java.base/java.util.concurrent.ThreadPoolExecutor.runWorker(ThreadPoolExecutor.java:1144)
	at java.base/java.util.concurrent.ThreadPoolExecutor$Worker.run(ThreadPoolExecutor.java:642)
	at java.base/java.lang.Thread.run(Thread.java:1583)
Caused by: java.nio.file.NoSuchFileException: /home/noe/docs/cours/distributed_data_processing/activity1/FirstProject/build.sbt
	at java.base/sun.nio.fs.UnixException.translateToIOException(UnixException.java:92)
	at java.base/sun.nio.fs.UnixException.rethrowAsIOException(UnixException.java:106)
	at java.base/sun.nio.fs.UnixException.rethrowAsIOException(UnixException.java:111)
	at java.base/sun.nio.fs.UnixFileSystemProvider.newByteChannel(UnixFileSystemProvider.java:261)
	at java.base/java.nio.file.Files.newByteChannel(Files.java:380)
	at java.base/java.nio.file.Files.newByteChannel(Files.java:432)
	at java.base/java.nio.file.Files.readAllBytes(Files.java:3281)
	at scala.meta.internal.io.PlatformFileIO$.slurp(PlatformFileIO.scala:42)
	at scala.meta.internal.io.FileIO$.slurp(FileIO.scala:18)
	at scala.meta.internal.metals.MetalsLspService.$anonfun$onChange$1(MetalsLspService.scala:907)
	at scala.collection.immutable.List.map(List.scala:247)
	at scala.collection.immutable.List.map(List.scala:79)
	at scala.meta.internal.metals.MetalsLspService.onChange(MetalsLspService.scala:906)
	at scala.meta.internal.metals.ProjectMetalsLspService.onChange(ProjectMetalsLspService.scala:229)
	at scala.meta.internal.metals.MetalsLspService.didChangeWatchedFiles(MetalsLspService.scala:892)
	at scala.meta.internal.metals.WorkspaceLspService.$anonfun$didChangeWatchedFiles$3(WorkspaceLspService.scala:672)
	at scala.collection.StrictOptimizedIterableOps.map(StrictOptimizedIterableOps.scala:100)
	at scala.collection.StrictOptimizedIterableOps.map$(StrictOptimizedIterableOps.scala:87)
	at scala.collection.immutable.HashMap.map(HashMap.scala:39)
	at scala.meta.internal.metals.WorkspaceLspService.didChangeWatchedFiles(WorkspaceLspService.scala:671)
	at scala.meta.metals.lsp.DelegatingScalaService.didChangeWatchedFiles(DelegatingScalaService.scala:61)
	at java.base/jdk.internal.reflect.DirectMethodHandleAccessor.invoke(DirectMethodHandleAccessor.java:103)
	at java.base/java.lang.reflect.Method.invoke(Method.java:580)
	at org.eclipse.lsp4j.jsonrpc.services.GenericEndpoint.lambda$recursiveFindRpcMethods$0(GenericEndpoint.java:65)
	... 11 more

Mar 27, 2025 3:40:36 PM org.eclipse.lsp4j.jsonrpc.RemoteEndpoint handleNotification
WARNING: Notification threw an exception: {
  "jsonrpc": "2.0",
  "method": "workspace/didChangeWatchedFiles",
  "params": {
    "changes": [
      {
        "uri": "file:///home/noe/docs/cours/distributed_data_processing/activity1/FirstProject/.bsp/sbt.json",
        "type": 2
      }
    ]
  }
}
java.lang.IllegalStateException: An unexpected exception occurred while executing jsonrpc method public abstract java.util.concurrent.CompletableFuture scala.meta.metals.lsp.WorkspaceService.didChangeWatchedFiles(org.eclipse.lsp4j.DidChangeWatchedFilesParams)
	at org.eclipse.lsp4j.jsonrpc.services.GenericEndpoint.lambda$recursiveFindRpcMethods$0(GenericEndpoint.java:73)
	at org.eclipse.lsp4j.jsonrpc.services.GenericEndpoint.notify(GenericEndpoint.java:160)
	at org.eclipse.lsp4j.jsonrpc.RemoteEndpoint.handleNotification(RemoteEndpoint.java:231)
	at org.eclipse.lsp4j.jsonrpc.RemoteEndpoint.consume(RemoteEndpoint.java:198)
	at org.eclipse.lsp4j.jsonrpc.json.StreamMessageProducer.handleMessage(StreamMessageProducer.java:185)
	at org.eclipse.lsp4j.jsonrpc.json.StreamMessageProducer.listen(StreamMessageProducer.java:97)
	at org.eclipse.lsp4j.jsonrpc.json.ConcurrentMessageProcessor.run(ConcurrentMessageProcessor.java:114)
	at java.base/java.util.concurrent.Executors$RunnableAdapter.call(Executors.java:572)
	at java.base/java.util.concurrent.FutureTask.run(FutureTask.java:317)
	at java.base/java.util.concurrent.ThreadPoolExecutor.runWorker(ThreadPoolExecutor.java:1144)
	at java.base/java.util.concurrent.ThreadPoolExecutor$Worker.run(ThreadPoolExecutor.java:642)
	at java.base/java.lang.Thread.run(Thread.java:1583)
Caused by: java.nio.file.NoSuchFileException: /home/noe/docs/cours/distributed_data_processing/activity1/FirstProject/.bsp/sbt.json
	at java.base/sun.nio.fs.UnixException.translateToIOException(UnixException.java:92)
	at java.base/sun.nio.fs.UnixException.rethrowAsIOException(UnixException.java:106)
	at java.base/sun.nio.fs.UnixException.rethrowAsIOException(UnixException.java:111)
	at java.base/sun.nio.fs.UnixFileSystemProvider.newByteChannel(UnixFileSystemProvider.java:261)
	at java.base/java.nio.file.Files.newByteChannel(Files.java:380)
	at java.base/java.nio.file.Files.newByteChannel(Files.java:432)
	at java.base/java.nio.file.Files.readAllBytes(Files.java:3281)
	at scala.meta.internal.io.PlatformFileIO$.slurp(PlatformFileIO.scala:42)
	at scala.meta.internal.io.FileIO$.slurp(FileIO.scala:18)
	at scala.meta.internal.metals.MetalsLspService.$anonfun$onChange$1(MetalsLspService.scala:907)
	at scala.collection.immutable.List.map(List.scala:247)
	at scala.collection.immutable.List.map(List.scala:79)
	at scala.meta.internal.metals.MetalsLspService.onChange(MetalsLspService.scala:906)
	at scala.meta.internal.metals.ProjectMetalsLspService.onChange(ProjectMetalsLspService.scala:229)
	at scala.meta.internal.metals.MetalsLspService.didChangeWatchedFiles(MetalsLspService.scala:892)
	at scala.meta.internal.metals.WorkspaceLspService.$anonfun$didChangeWatchedFiles$3(WorkspaceLspService.scala:672)
	at scala.collection.StrictOptimizedIterableOps.map(StrictOptimizedIterableOps.scala:100)
	at scala.collection.StrictOptimizedIterableOps.map$(StrictOptimizedIterableOps.scala:87)
	at scala.collection.immutable.HashMap.map(HashMap.scala:39)
	at scala.meta.internal.metals.WorkspaceLspService.didChangeWatchedFiles(WorkspaceLspService.scala:671)
	at scala.meta.metals.lsp.DelegatingScalaService.didChangeWatchedFiles(DelegatingScalaService.scala:61)
	at java.base/jdk.internal.reflect.DirectMethodHandleAccessor.invoke(DirectMethodHandleAccessor.java:103)
	at java.base/java.lang.reflect.Method.invoke(Method.java:580)
	at org.eclipse.lsp4j.jsonrpc.services.GenericEndpoint.lambda$recursiveFindRpcMethods$0(GenericEndpoint.java:65)
	... 11 more

Mar 27, 2025 4:33:20 PM org.eclipse.lsp4j.jsonrpc.RemoteEndpoint handleNotification
WARNING: Notification threw an exception: {
  "jsonrpc": "2.0",
  "method": "workspace/didChangeWatchedFiles",
  "params": {
    "changes": [
      {
        "uri": "file:///home/noe/docs/cours/distributed_data_processing/activity1/FirstProject/build.sbt",
        "type": 2
      }
    ]
  }
}
java.lang.IllegalStateException: An unexpected exception occurred while executing jsonrpc method public abstract java.util.concurrent.CompletableFuture scala.meta.metals.lsp.WorkspaceService.didChangeWatchedFiles(org.eclipse.lsp4j.DidChangeWatchedFilesParams)
	at org.eclipse.lsp4j.jsonrpc.services.GenericEndpoint.lambda$recursiveFindRpcMethods$0(GenericEndpoint.java:73)
	at org.eclipse.lsp4j.jsonrpc.services.GenericEndpoint.notify(GenericEndpoint.java:160)
	at org.eclipse.lsp4j.jsonrpc.RemoteEndpoint.handleNotification(RemoteEndpoint.java:231)
	at org.eclipse.lsp4j.jsonrpc.RemoteEndpoint.consume(RemoteEndpoint.java:198)
	at org.eclipse.lsp4j.jsonrpc.json.StreamMessageProducer.handleMessage(StreamMessageProducer.java:185)
	at org.eclipse.lsp4j.jsonrpc.json.StreamMessageProducer.listen(StreamMessageProducer.java:97)
	at org.eclipse.lsp4j.jsonrpc.json.ConcurrentMessageProcessor.run(ConcurrentMessageProcessor.java:114)
	at java.base/java.util.concurrent.Executors$RunnableAdapter.call(Executors.java:572)
	at java.base/java.util.concurrent.FutureTask.run(FutureTask.java:317)
	at java.base/java.util.concurrent.ThreadPoolExecutor.runWorker(ThreadPoolExecutor.java:1144)
	at java.base/java.util.concurrent.ThreadPoolExecutor$Worker.run(ThreadPoolExecutor.java:642)
	at java.base/java.lang.Thread.run(Thread.java:1583)
Caused by: java.nio.file.NoSuchFileException: /home/noe/docs/cours/distributed_data_processing/activity1/FirstProject/build.sbt
	at java.base/sun.nio.fs.UnixException.translateToIOException(UnixException.java:92)
	at java.base/sun.nio.fs.UnixException.rethrowAsIOException(UnixException.java:106)
	at java.base/sun.nio.fs.UnixException.rethrowAsIOException(UnixException.java:111)
	at java.base/sun.nio.fs.UnixFileSystemProvider.newByteChannel(UnixFileSystemProvider.java:261)
	at java.base/java.nio.file.Files.newByteChannel(Files.java:380)
	at java.base/java.nio.file.Files.newByteChannel(Files.java:432)
	at java.base/java.nio.file.Files.readAllBytes(Files.java:3281)
	at scala.meta.internal.io.PlatformFileIO$.slurp(PlatformFileIO.scala:42)
	at scala.meta.internal.io.FileIO$.slurp(FileIO.scala:18)
	at scala.meta.internal.metals.MetalsLspService.$anonfun$onChange$1(MetalsLspService.scala:907)
	at scala.collection.immutable.List.map(List.scala:247)
	at scala.collection.immutable.List.map(List.scala:79)
	at scala.meta.internal.metals.MetalsLspService.onChange(MetalsLspService.scala:906)
	at scala.meta.internal.metals.ProjectMetalsLspService.onChange(ProjectMetalsLspService.scala:229)
	at scala.meta.internal.metals.MetalsLspService.didChangeWatchedFiles(MetalsLspService.scala:892)
	at scala.meta.internal.metals.WorkspaceLspService.$anonfun$didChangeWatchedFiles$3(WorkspaceLspService.scala:672)
	at scala.collection.StrictOptimizedIterableOps.map(StrictOptimizedIterableOps.scala:100)
	at scala.collection.StrictOptimizedIterableOps.map$(StrictOptimizedIterableOps.scala:87)
	at scala.collection.immutable.HashMap.map(HashMap.scala:39)
	at scala.meta.internal.metals.WorkspaceLspService.didChangeWatchedFiles(WorkspaceLspService.scala:671)
	at scala.meta.metals.lsp.DelegatingScalaService.didChangeWatchedFiles(DelegatingScalaService.scala:61)
	at java.base/jdk.internal.reflect.DirectMethodHandleAccessor.invoke(DirectMethodHandleAccessor.java:103)
	at java.base/java.lang.reflect.Method.invoke(Method.java:580)
	at org.eclipse.lsp4j.jsonrpc.services.GenericEndpoint.lambda$recursiveFindRpcMethods$0(GenericEndpoint.java:65)
	... 11 more

Mar 27, 2025 4:33:26 PM org.eclipse.lsp4j.jsonrpc.RemoteEndpoint handleNotification
WARNING: Notification threw an exception: {
  "jsonrpc": "2.0",
  "method": "workspace/didChangeWatchedFiles",
  "params": {
    "changes": [
      {
        "uri": "file:///home/noe/docs/cours/distributed_data_processing/activity1/FirstProject/.bsp/sbt.json",
        "type": 2
      }
    ]
  }
}
java.lang.IllegalStateException: An unexpected exception occurred while executing jsonrpc method public abstract java.util.concurrent.CompletableFuture scala.meta.metals.lsp.WorkspaceService.didChangeWatchedFiles(org.eclipse.lsp4j.DidChangeWatchedFilesParams)
	at org.eclipse.lsp4j.jsonrpc.services.GenericEndpoint.lambda$recursiveFindRpcMethods$0(GenericEndpoint.java:73)
	at org.eclipse.lsp4j.jsonrpc.services.GenericEndpoint.notify(GenericEndpoint.java:160)
	at org.eclipse.lsp4j.jsonrpc.RemoteEndpoint.handleNotification(RemoteEndpoint.java:231)
	at org.eclipse.lsp4j.jsonrpc.RemoteEndpoint.consume(RemoteEndpoint.java:198)
	at org.eclipse.lsp4j.jsonrpc.json.StreamMessageProducer.handleMessage(StreamMessageProducer.java:185)
	at org.eclipse.lsp4j.jsonrpc.json.StreamMessageProducer.listen(StreamMessageProducer.java:97)
	at org.eclipse.lsp4j.jsonrpc.json.ConcurrentMessageProcessor.run(ConcurrentMessageProcessor.java:114)
	at java.base/java.util.concurrent.Executors$RunnableAdapter.call(Executors.java:572)
	at java.base/java.util.concurrent.FutureTask.run(FutureTask.java:317)
	at java.base/java.util.concurrent.ThreadPoolExecutor.runWorker(ThreadPoolExecutor.java:1144)
	at java.base/java.util.concurrent.ThreadPoolExecutor$Worker.run(ThreadPoolExecutor.java:642)
	at java.base/java.lang.Thread.run(Thread.java:1583)
Caused by: java.nio.file.NoSuchFileException: /home/noe/docs/cours/distributed_data_processing/activity1/FirstProject/.bsp/sbt.json
	at java.base/sun.nio.fs.UnixException.translateToIOException(UnixException.java:92)
	at java.base/sun.nio.fs.UnixException.rethrowAsIOException(UnixException.java:106)
	at java.base/sun.nio.fs.UnixException.rethrowAsIOException(UnixException.java:111)
	at java.base/sun.nio.fs.UnixFileSystemProvider.newByteChannel(UnixFileSystemProvider.java:261)
	at java.base/java.nio.file.Files.newByteChannel(Files.java:380)
	at java.base/java.nio.file.Files.newByteChannel(Files.java:432)
	at java.base/java.nio.file.Files.readAllBytes(Files.java:3281)
	at scala.meta.internal.io.PlatformFileIO$.slurp(PlatformFileIO.scala:42)
	at scala.meta.internal.io.FileIO$.slurp(FileIO.scala:18)
	at scala.meta.internal.metals.MetalsLspService.$anonfun$onChange$1(MetalsLspService.scala:907)
	at scala.collection.immutable.List.map(List.scala:247)
	at scala.collection.immutable.List.map(List.scala:79)
	at scala.meta.internal.metals.MetalsLspService.onChange(MetalsLspService.scala:906)
	at scala.meta.internal.metals.ProjectMetalsLspService.onChange(ProjectMetalsLspService.scala:229)
	at scala.meta.internal.metals.MetalsLspService.didChangeWatchedFiles(MetalsLspService.scala:892)
	at scala.meta.internal.metals.WorkspaceLspService.$anonfun$didChangeWatchedFiles$3(WorkspaceLspService.scala:672)
	at scala.collection.StrictOptimizedIterableOps.map(StrictOptimizedIterableOps.scala:100)
	at scala.collection.StrictOptimizedIterableOps.map$(StrictOptimizedIterableOps.scala:87)
	at scala.collection.immutable.HashMap.map(HashMap.scala:39)
	at scala.meta.internal.metals.WorkspaceLspService.didChangeWatchedFiles(WorkspaceLspService.scala:671)
	at scala.meta.metals.lsp.DelegatingScalaService.didChangeWatchedFiles(DelegatingScalaService.scala:61)
	at java.base/jdk.internal.reflect.DirectMethodHandleAccessor.invoke(DirectMethodHandleAccessor.java:103)
	at java.base/java.lang.reflect.Method.invoke(Method.java:580)
	at org.eclipse.lsp4j.jsonrpc.services.GenericEndpoint.lambda$recursiveFindRpcMethods$0(GenericEndpoint.java:65)
	... 11 more

Mar 27, 2025 4:45:39 PM org.eclipse.lsp4j.jsonrpc.RemoteEndpoint handleNotification
WARNING: Notification threw an exception: {
  "jsonrpc": "2.0",
  "method": "workspace/didChangeWatchedFiles",
  "params": {
    "changes": [
      {
        "uri": "file:///home/noe/docs/cours/distributed_data_processing/activity1/FirstProject/build.sbt",
        "type": 2
      }
    ]
  }
}
java.lang.IllegalStateException: An unexpected exception occurred while executing jsonrpc method public abstract java.util.concurrent.CompletableFuture scala.meta.metals.lsp.WorkspaceService.didChangeWatchedFiles(org.eclipse.lsp4j.DidChangeWatchedFilesParams)
	at org.eclipse.lsp4j.jsonrpc.services.GenericEndpoint.lambda$recursiveFindRpcMethods$0(GenericEndpoint.java:73)
	at org.eclipse.lsp4j.jsonrpc.services.GenericEndpoint.notify(GenericEndpoint.java:160)
	at org.eclipse.lsp4j.jsonrpc.RemoteEndpoint.handleNotification(RemoteEndpoint.java:231)
	at org.eclipse.lsp4j.jsonrpc.RemoteEndpoint.consume(RemoteEndpoint.java:198)
	at org.eclipse.lsp4j.jsonrpc.json.StreamMessageProducer.handleMessage(StreamMessageProducer.java:185)
	at org.eclipse.lsp4j.jsonrpc.json.StreamMessageProducer.listen(StreamMessageProducer.java:97)
	at org.eclipse.lsp4j.jsonrpc.json.ConcurrentMessageProcessor.run(ConcurrentMessageProcessor.java:114)
	at java.base/java.util.concurrent.Executors$RunnableAdapter.call(Executors.java:572)
	at java.base/java.util.concurrent.FutureTask.run(FutureTask.java:317)
	at java.base/java.util.concurrent.ThreadPoolExecutor.runWorker(ThreadPoolExecutor.java:1144)
	at java.base/java.util.concurrent.ThreadPoolExecutor$Worker.run(ThreadPoolExecutor.java:642)
	at java.base/java.lang.Thread.run(Thread.java:1583)
Caused by: java.nio.file.NoSuchFileException: /home/noe/docs/cours/distributed_data_processing/activity1/FirstProject/build.sbt
	at java.base/sun.nio.fs.UnixException.translateToIOException(UnixException.java:92)
	at java.base/sun.nio.fs.UnixException.rethrowAsIOException(UnixException.java:106)
	at java.base/sun.nio.fs.UnixException.rethrowAsIOException(UnixException.java:111)
	at java.base/sun.nio.fs.UnixFileSystemProvider.newByteChannel(UnixFileSystemProvider.java:261)
	at java.base/java.nio.file.Files.newByteChannel(Files.java:380)
	at java.base/java.nio.file.Files.newByteChannel(Files.java:432)
	at java.base/java.nio.file.Files.readAllBytes(Files.java:3281)
	at scala.meta.internal.io.PlatformFileIO$.slurp(PlatformFileIO.scala:42)
	at scala.meta.internal.io.FileIO$.slurp(FileIO.scala:18)
	at scala.meta.internal.metals.MetalsLspService.$anonfun$onChange$1(MetalsLspService.scala:907)
	at scala.collection.immutable.List.map(List.scala:247)
	at scala.collection.immutable.List.map(List.scala:79)
	at scala.meta.internal.metals.MetalsLspService.onChange(MetalsLspService.scala:906)
	at scala.meta.internal.metals.ProjectMetalsLspService.onChange(ProjectMetalsLspService.scala:229)
	at scala.meta.internal.metals.MetalsLspService.didChangeWatchedFiles(MetalsLspService.scala:892)
	at scala.meta.internal.metals.WorkspaceLspService.$anonfun$didChangeWatchedFiles$3(WorkspaceLspService.scala:672)
	at scala.collection.StrictOptimizedIterableOps.map(StrictOptimizedIterableOps.scala:100)
	at scala.collection.StrictOptimizedIterableOps.map$(StrictOptimizedIterableOps.scala:87)
	at scala.collection.immutable.HashMap.map(HashMap.scala:39)
	at scala.meta.internal.metals.WorkspaceLspService.didChangeWatchedFiles(WorkspaceLspService.scala:671)
	at scala.meta.metals.lsp.DelegatingScalaService.didChangeWatchedFiles(DelegatingScalaService.scala:61)
	at java.base/jdk.internal.reflect.DirectMethodHandleAccessor.invoke(DirectMethodHandleAccessor.java:103)
	at java.base/java.lang.reflect.Method.invoke(Method.java:580)
	at org.eclipse.lsp4j.jsonrpc.services.GenericEndpoint.lambda$recursiveFindRpcMethods$0(GenericEndpoint.java:65)
	... 11 more

Mar 27, 2025 4:45:54 PM org.eclipse.lsp4j.jsonrpc.RemoteEndpoint handleNotification
WARNING: Notification threw an exception: {
  "jsonrpc": "2.0",
  "method": "workspace/didChangeWatchedFiles",
  "params": {
    "changes": [
      {
        "uri": "file:///home/noe/docs/cours/distributed_data_processing/activity1/FirstProject/.bsp/sbt.json",
        "type": 2
      }
    ]
  }
}
java.lang.IllegalStateException: An unexpected exception occurred while executing jsonrpc method public abstract java.util.concurrent.CompletableFuture scala.meta.metals.lsp.WorkspaceService.didChangeWatchedFiles(org.eclipse.lsp4j.DidChangeWatchedFilesParams)
	at org.eclipse.lsp4j.jsonrpc.services.GenericEndpoint.lambda$recursiveFindRpcMethods$0(GenericEndpoint.java:73)
	at org.eclipse.lsp4j.jsonrpc.services.GenericEndpoint.notify(GenericEndpoint.java:160)
	at org.eclipse.lsp4j.jsonrpc.RemoteEndpoint.handleNotification(RemoteEndpoint.java:231)
	at org.eclipse.lsp4j.jsonrpc.RemoteEndpoint.consume(RemoteEndpoint.java:198)
	at org.eclipse.lsp4j.jsonrpc.json.StreamMessageProducer.handleMessage(StreamMessageProducer.java:185)
	at org.eclipse.lsp4j.jsonrpc.json.StreamMessageProducer.listen(StreamMessageProducer.java:97)
	at org.eclipse.lsp4j.jsonrpc.json.ConcurrentMessageProcessor.run(ConcurrentMessageProcessor.java:114)
	at java.base/java.util.concurrent.Executors$RunnableAdapter.call(Executors.java:572)
	at java.base/java.util.concurrent.FutureTask.run(FutureTask.java:317)
	at java.base/java.util.concurrent.ThreadPoolExecutor.runWorker(ThreadPoolExecutor.java:1144)
	at java.base/java.util.concurrent.ThreadPoolExecutor$Worker.run(ThreadPoolExecutor.java:642)
	at java.base/java.lang.Thread.run(Thread.java:1583)
Caused by: java.nio.file.NoSuchFileException: /home/noe/docs/cours/distributed_data_processing/activity1/FirstProject/.bsp/sbt.json
	at java.base/sun.nio.fs.UnixException.translateToIOException(UnixException.java:92)
	at java.base/sun.nio.fs.UnixException.rethrowAsIOException(UnixException.java:106)
	at java.base/sun.nio.fs.UnixException.rethrowAsIOException(UnixException.java:111)
	at java.base/sun.nio.fs.UnixFileSystemProvider.newByteChannel(UnixFileSystemProvider.java:261)
	at java.base/java.nio.file.Files.newByteChannel(Files.java:380)
	at java.base/java.nio.file.Files.newByteChannel(Files.java:432)
	at java.base/java.nio.file.Files.readAllBytes(Files.java:3281)
	at scala.meta.internal.io.PlatformFileIO$.slurp(PlatformFileIO.scala:42)
	at scala.meta.internal.io.FileIO$.slurp(FileIO.scala:18)
	at scala.meta.internal.metals.MetalsLspService.$anonfun$onChange$1(MetalsLspService.scala:907)
	at scala.collection.immutable.List.map(List.scala:247)
	at scala.collection.immutable.List.map(List.scala:79)
	at scala.meta.internal.metals.MetalsLspService.onChange(MetalsLspService.scala:906)
	at scala.meta.internal.metals.ProjectMetalsLspService.onChange(ProjectMetalsLspService.scala:229)
	at scala.meta.internal.metals.MetalsLspService.didChangeWatchedFiles(MetalsLspService.scala:892)
	at scala.meta.internal.metals.WorkspaceLspService.$anonfun$didChangeWatchedFiles$3(WorkspaceLspService.scala:672)
	at scala.collection.StrictOptimizedIterableOps.map(StrictOptimizedIterableOps.scala:100)
	at scala.collection.StrictOptimizedIterableOps.map$(StrictOptimizedIterableOps.scala:87)
	at scala.collection.immutable.HashMap.map(HashMap.scala:39)
	at scala.meta.internal.metals.WorkspaceLspService.didChangeWatchedFiles(WorkspaceLspService.scala:671)
	at scala.meta.metals.lsp.DelegatingScalaService.didChangeWatchedFiles(DelegatingScalaService.scala:61)
	at java.base/jdk.internal.reflect.DirectMethodHandleAccessor.invoke(DirectMethodHandleAccessor.java:103)
	at java.base/java.lang.reflect.Method.invoke(Method.java:580)
	at org.eclipse.lsp4j.jsonrpc.services.GenericEndpoint.lambda$recursiveFindRpcMethods$0(GenericEndpoint.java:65)
	... 11 more

Mar 27, 2025 5:39:40 PM org.eclipse.lsp4j.jsonrpc.RemoteEndpoint handleNotification
WARNING: Notification threw an exception: {
  "jsonrpc": "2.0",
  "method": "workspace/didChangeWatchedFiles",
  "params": {
    "changes": [
      {
        "uri": "file:///home/noe/docs/cours/distributed_data_processing/activity1/FirstProject/build.sbt",
        "type": 2
      }
    ]
  }
}
java.lang.IllegalStateException: An unexpected exception occurred while executing jsonrpc method public abstract java.util.concurrent.CompletableFuture scala.meta.metals.lsp.WorkspaceService.didChangeWatchedFiles(org.eclipse.lsp4j.DidChangeWatchedFilesParams)
	at org.eclipse.lsp4j.jsonrpc.services.GenericEndpoint.lambda$recursiveFindRpcMethods$0(GenericEndpoint.java:73)
	at org.eclipse.lsp4j.jsonrpc.services.GenericEndpoint.notify(GenericEndpoint.java:160)
	at org.eclipse.lsp4j.jsonrpc.RemoteEndpoint.handleNotification(RemoteEndpoint.java:231)
	at org.eclipse.lsp4j.jsonrpc.RemoteEndpoint.consume(RemoteEndpoint.java:198)
	at org.eclipse.lsp4j.jsonrpc.json.StreamMessageProducer.handleMessage(StreamMessageProducer.java:185)
	at org.eclipse.lsp4j.jsonrpc.json.StreamMessageProducer.listen(StreamMessageProducer.java:97)
	at org.eclipse.lsp4j.jsonrpc.json.ConcurrentMessageProcessor.run(ConcurrentMessageProcessor.java:114)
	at java.base/java.util.concurrent.Executors$RunnableAdapter.call(Executors.java:572)
	at java.base/java.util.concurrent.FutureTask.run(FutureTask.java:317)
	at java.base/java.util.concurrent.ThreadPoolExecutor.runWorker(ThreadPoolExecutor.java:1144)
	at java.base/java.util.concurrent.ThreadPoolExecutor$Worker.run(ThreadPoolExecutor.java:642)
	at java.base/java.lang.Thread.run(Thread.java:1583)
Caused by: java.nio.file.NoSuchFileException: /home/noe/docs/cours/distributed_data_processing/activity1/FirstProject/build.sbt
	at java.base/sun.nio.fs.UnixException.translateToIOException(UnixException.java:92)
	at java.base/sun.nio.fs.UnixException.rethrowAsIOException(UnixException.java:106)
	at java.base/sun.nio.fs.UnixException.rethrowAsIOException(UnixException.java:111)
	at java.base/sun.nio.fs.UnixFileSystemProvider.newByteChannel(UnixFileSystemProvider.java:261)
	at java.base/java.nio.file.Files.newByteChannel(Files.java:380)
	at java.base/java.nio.file.Files.newByteChannel(Files.java:432)
	at java.base/java.nio.file.Files.readAllBytes(Files.java:3281)
	at scala.meta.internal.io.PlatformFileIO$.slurp(PlatformFileIO.scala:42)
	at scala.meta.internal.io.FileIO$.slurp(FileIO.scala:18)
	at scala.meta.internal.metals.MetalsLspService.$anonfun$onChange$1(MetalsLspService.scala:907)
	at scala.collection.immutable.List.map(List.scala:247)
	at scala.collection.immutable.List.map(List.scala:79)
	at scala.meta.internal.metals.MetalsLspService.onChange(MetalsLspService.scala:906)
	at scala.meta.internal.metals.ProjectMetalsLspService.onChange(ProjectMetalsLspService.scala:229)
	at scala.meta.internal.metals.MetalsLspService.didChangeWatchedFiles(MetalsLspService.scala:892)
	at scala.meta.internal.metals.WorkspaceLspService.$anonfun$didChangeWatchedFiles$3(WorkspaceLspService.scala:672)
	at scala.collection.StrictOptimizedIterableOps.map(StrictOptimizedIterableOps.scala:100)
	at scala.collection.StrictOptimizedIterableOps.map$(StrictOptimizedIterableOps.scala:87)
	at scala.collection.immutable.HashMap.map(HashMap.scala:39)
	at scala.meta.internal.metals.WorkspaceLspService.didChangeWatchedFiles(WorkspaceLspService.scala:671)
	at scala.meta.metals.lsp.DelegatingScalaService.didChangeWatchedFiles(DelegatingScalaService.scala:61)
	at java.base/jdk.internal.reflect.DirectMethodHandleAccessor.invoke(DirectMethodHandleAccessor.java:103)
	at java.base/java.lang.reflect.Method.invoke(Method.java:580)
	at org.eclipse.lsp4j.jsonrpc.services.GenericEndpoint.lambda$recursiveFindRpcMethods$0(GenericEndpoint.java:65)
	... 11 more

Mar 27, 2025 5:39:46 PM org.eclipse.lsp4j.jsonrpc.RemoteEndpoint handleNotification
WARNING: Notification threw an exception: {
  "jsonrpc": "2.0",
  "method": "workspace/didChangeWatchedFiles",
  "params": {
    "changes": [
      {
        "uri": "file:///home/noe/docs/cours/distributed_data_processing/activity1/FirstProject/.bsp/sbt.json",
        "type": 2
      }
    ]
  }
}
java.lang.IllegalStateException: An unexpected exception occurred while executing jsonrpc method public abstract java.util.concurrent.CompletableFuture scala.meta.metals.lsp.WorkspaceService.didChangeWatchedFiles(org.eclipse.lsp4j.DidChangeWatchedFilesParams)
	at org.eclipse.lsp4j.jsonrpc.services.GenericEndpoint.lambda$recursiveFindRpcMethods$0(GenericEndpoint.java:73)
	at org.eclipse.lsp4j.jsonrpc.services.GenericEndpoint.notify(GenericEndpoint.java:160)
	at org.eclipse.lsp4j.jsonrpc.RemoteEndpoint.handleNotification(RemoteEndpoint.java:231)
	at org.eclipse.lsp4j.jsonrpc.RemoteEndpoint.consume(RemoteEndpoint.java:198)
	at org.eclipse.lsp4j.jsonrpc.json.StreamMessageProducer.handleMessage(StreamMessageProducer.java:185)
	at org.eclipse.lsp4j.jsonrpc.json.StreamMessageProducer.listen(StreamMessageProducer.java:97)
	at org.eclipse.lsp4j.jsonrpc.json.ConcurrentMessageProcessor.run(ConcurrentMessageProcessor.java:114)
	at java.base/java.util.concurrent.Executors$RunnableAdapter.call(Executors.java:572)
	at java.base/java.util.concurrent.FutureTask.run(FutureTask.java:317)
	at java.base/java.util.concurrent.ThreadPoolExecutor.runWorker(ThreadPoolExecutor.java:1144)
	at java.base/java.util.concurrent.ThreadPoolExecutor$Worker.run(ThreadPoolExecutor.java:642)
	at java.base/java.lang.Thread.run(Thread.java:1583)
Caused by: java.nio.file.NoSuchFileException: /home/noe/docs/cours/distributed_data_processing/activity1/FirstProject/.bsp/sbt.json
	at java.base/sun.nio.fs.UnixException.translateToIOException(UnixException.java:92)
	at java.base/sun.nio.fs.UnixException.rethrowAsIOException(UnixException.java:106)
	at java.base/sun.nio.fs.UnixException.rethrowAsIOException(UnixException.java:111)
	at java.base/sun.nio.fs.UnixFileSystemProvider.newByteChannel(UnixFileSystemProvider.java:261)
	at java.base/java.nio.file.Files.newByteChannel(Files.java:380)
	at java.base/java.nio.file.Files.newByteChannel(Files.java:432)
	at java.base/java.nio.file.Files.readAllBytes(Files.java:3281)
	at scala.meta.internal.io.PlatformFileIO$.slurp(PlatformFileIO.scala:42)
	at scala.meta.internal.io.FileIO$.slurp(FileIO.scala:18)
	at scala.meta.internal.metals.MetalsLspService.$anonfun$onChange$1(MetalsLspService.scala:907)
	at scala.collection.immutable.List.map(List.scala:247)
	at scala.collection.immutable.List.map(List.scala:79)
	at scala.meta.internal.metals.MetalsLspService.onChange(MetalsLspService.scala:906)
	at scala.meta.internal.metals.ProjectMetalsLspService.onChange(ProjectMetalsLspService.scala:229)
	at scala.meta.internal.metals.MetalsLspService.didChangeWatchedFiles(MetalsLspService.scala:892)
	at scala.meta.internal.metals.WorkspaceLspService.$anonfun$didChangeWatchedFiles$3(WorkspaceLspService.scala:672)
	at scala.collection.StrictOptimizedIterableOps.map(StrictOptimizedIterableOps.scala:100)
	at scala.collection.StrictOptimizedIterableOps.map$(StrictOptimizedIterableOps.scala:87)
	at scala.collection.immutable.HashMap.map(HashMap.scala:39)
	at scala.meta.internal.metals.WorkspaceLspService.didChangeWatchedFiles(WorkspaceLspService.scala:671)
	at scala.meta.metals.lsp.DelegatingScalaService.didChangeWatchedFiles(DelegatingScalaService.scala:61)
	at java.base/jdk.internal.reflect.DirectMethodHandleAccessor.invoke(DirectMethodHandleAccessor.java:103)
	at java.base/java.lang.reflect.Method.invoke(Method.java:580)
	at org.eclipse.lsp4j.jsonrpc.services.GenericEndpoint.lambda$recursiveFindRpcMethods$0(GenericEndpoint.java:65)
	... 11 more

